#
# There is insufficient memory for the Java Runtime Environment to continue.
# Native memory allocation (malloc) failed to allocate 757296 bytes for Chunk::new
# Possible reasons:
#   The system is out of physical RAM or swap space
#   The process is running with CompressedOops enabled, and the Java Heap may be blocking the growth of the native heap
# Possible solutions:
#   Reduce memory load on the system
#   Increase physical memory or swap space
#   Check if swap backing store is full
#   Decrease Java heap size (-Xmx/-Xms)
#   Decrease number of Java threads
#   Decrease Java thread stack sizes (-Xss)
#   Set larger code cache with -XX:ReservedCodeCacheSize=
#   JVM is running with Unscaled Compressed Oops mode in which the Java heap is
#     placed in the first 4GB address space. The Java Heap base address is the
#     maximum limit for the native heap growth. Please use -XX:HeapBaseMinAddress
#     to set the Java Heap base and to place the Java Heap above 4GB virtual address.
# This output file may be truncated or incomplete.
#
#  Out of Memory Error (arena.cpp:184), pid=9860, tid=12940
#
# JRE version: OpenJDK Runtime Environment (20.0.1+9) (build 20.0.1+9-29)
# Java VM: OpenJDK 64-Bit Server VM (20.0.1+9-29, mixed mode, sharing, tiered, compressed oops, compressed class ptrs, g1 gc, windows-amd64)
# No core dump will be written. Minidumps are not enabled by default on client versions of Windows
#

---------------  S U M M A R Y ------------

Command Line: -javaagent:C:\Program Files\JetBrains\IntelliJ IDEA 2023.1.2\lib\idea_rt.jar=55605:C:\Program Files\JetBrains\IntelliJ IDEA 2023.1.2\bin -Dfile.encoding=UTF-8 -Dsun.stdout.encoding=UTF-8 -Dsun.stderr.encoding=UTF-8 --module-path=C:\Users\RAFI\.m2\repository\mysql\mysql-connector-java\8.0.26\mysql-connector-java-8.0.26.jar;C:\Users\RAFI\.m2\repository\org\openjfx\javafx-base\20\javafx-base-20-win.jar;C:\Users\RAFI\.m2\repository\org\openjfx\javafx-fxml\20\javafx-fxml-20-win.jar;C:\Users\RAFI\.m2\repository\org\openjfx\javafx-controls\20\javafx-controls-20-win.jar;C:\Users\RAFI\IdeaProjects\consultationSheetApp\target\classes;C:\Users\RAFI\.m2\repository\org\openjfx\javafx-graphics\20\javafx-graphics-20-win.jar -Djdk.module.main=emr.consultationsheetapp emr.consultationsheetapp/emr.consultationsheetapp.App

Host: Intel(R) Core(TM) i5-4200U CPU @ 1.60GHz, 4 cores, 3G,  Windows 11 , 64 bit Build 22621 (10.0.22621.1778)
Time: Wed Jun 21 21:35:54 2023 Malay Peninsula Standard Time elapsed time: 3.567101 seconds (0d 0h 0m 3s)

---------------  T H R E A D  ---------------

Current thread (0x000001e87fb3c3d0):  JavaThread "C2 CompilerThread0" daemon [_thread_in_native, id=12940, stack(0x0000003eb9100000,0x0000003eb9200000)]


Current CompileTask:
C2:   3567 1864       4       java.lang.invoke.MethodType::makeImpl (109 bytes)

Stack: [0x0000003eb9100000,0x0000003eb9200000]
Native frames: (J=compiled Java code, j=interpreted, Vv=VM code, C=native code)
V  [jvm.dll+0x6bb95a]
V  [jvm.dll+0x8485fa]
V  [jvm.dll+0x84a1f5]
V  [jvm.dll+0x84a8f3]
V  [jvm.dll+0x280b0f]
V  [jvm.dll+0xc2b11]
V  [jvm.dll+0xc2e35]
V  [jvm.dll+0x2f5dbf]
V  [jvm.dll+0x5e32eb]
V  [jvm.dll+0x2543b4]
V  [jvm.dll+0x25477f]
V  [jvm.dll+0x24cf6d]
V  [jvm.dll+0x24a549]
V  [jvm.dll+0x1ce491]
V  [jvm.dll+0x259e1b]
V  [jvm.dll+0x2584f0]
V  [jvm.dll+0x3f2895]
V  [jvm.dll+0x7f4b56]
V  [jvm.dll+0x6ba5cb]
C  [ucrtbase.dll+0x29363]
C  [KERNEL32.DLL+0x126ad]
C  [ntdll.dll+0x5a9f8]


---------------  P R O C E S S  ---------------

Threads class SMR info:
_java_thread_list=0x000001e80b5a8ce0, length=19, elements={
0x000001e86510c600, 0x000001e87fb31800, 0x000001e87fb31f50, 0x000001e87fb32a30,
0x000001e87fb370a0, 0x000001e87fb375f0, 0x000001e87fb3bb50, 0x000001e87fb3c3d0,
0x000001e87fb3ce40, 0x000001e80601b1c0, 0x000001e80628b8c0, 0x000001e80628be10,
0x000001e806376900, 0x000001e806852cd0, 0x000001e80685e840, 0x000001e8068a4ad0,
0x000001e806850df0, 0x000001e80b8ad5b0, 0x000001e80b8ae5a0
}

Java Threads: ( => current thread )
  0x000001e86510c600 JavaThread "main" [_thread_blocked, id=5836, stack(0x0000003eb8400000,0x0000003eb8500000)]
  0x000001e87fb31800 JavaThread "Reference Handler" daemon [_thread_blocked, id=10104, stack(0x0000003eb8b00000,0x0000003eb8c00000)]
  0x000001e87fb31f50 JavaThread "Finalizer" daemon [_thread_blocked, id=10580, stack(0x0000003eb8c00000,0x0000003eb8d00000)]
  0x000001e87fb32a30 JavaThread "Signal Dispatcher" daemon [_thread_blocked, id=11888, stack(0x0000003eb8d00000,0x0000003eb8e00000)]
  0x000001e87fb370a0 JavaThread "Attach Listener" daemon [_thread_blocked, id=13124, stack(0x0000003eb8e00000,0x0000003eb8f00000)]
  0x000001e87fb375f0 JavaThread "Service Thread" daemon [_thread_blocked, id=7312, stack(0x0000003eb8f00000,0x0000003eb9000000)]
  0x000001e87fb3bb50 JavaThread "Monitor Deflation Thread" daemon [_thread_blocked, id=13260, stack(0x0000003eb9000000,0x0000003eb9100000)]
=>0x000001e87fb3c3d0 JavaThread "C2 CompilerThread0" daemon [_thread_in_native, id=12940, stack(0x0000003eb9100000,0x0000003eb9200000)]
  0x000001e87fb3ce40 JavaThread "C1 CompilerThread0" daemon [_thread_blocked, id=6220, stack(0x0000003eb9200000,0x0000003eb9300000)]
  0x000001e80601b1c0 JavaThread "Common-Cleaner" daemon [_thread_blocked, id=12876, stack(0x0000003eb9300000,0x0000003eb9400000)]
  0x000001e80628b8c0 JavaThread "Monitor Ctrl-Break" daemon [_thread_in_native, id=13480, stack(0x0000003eb9400000,0x0000003eb9500000)]
  0x000001e80628be10 JavaThread "Notification Thread" daemon [_thread_blocked, id=7468, stack(0x0000003eb9500000,0x0000003eb9600000)]
  0x000001e806376900 JavaThread "QuantumRenderer-0" daemon [_thread_blocked, id=8132, stack(0x0000003eb9a00000,0x0000003eb9b00000)]
  0x000001e806852cd0 JavaThread "InvokeLaterDispatcher" daemon [_thread_blocked, id=6888, stack(0x0000003eb9b00000,0x0000003eb9c00000)]
  0x000001e80685e840 JavaThread "JavaFX Application Thread" [_thread_in_native, id=13796, stack(0x0000003eb9c00000,0x0000003eb9d00000)]
  0x000001e8068a4ad0 JavaThread "Thread-1" daemon [_thread_in_native, id=12088, stack(0x0000003eba000000,0x0000003eba100000)]
  0x000001e806850df0 JavaThread "JavaFX-Launcher" [_thread_blocked, id=14308, stack(0x0000003eba100000,0x0000003eba200000)]
  0x000001e80b8ad5b0 JavaThread "Prism Font Disposer" daemon [_thread_blocked, id=10904, stack(0x0000003eba500000,0x0000003eba600000)]
  0x000001e80b8ae5a0 JavaThread "Cleaner-0" daemon [_thread_blocked, id=1248, stack(0x0000003eba600000,0x0000003eba700000)]

Other Threads:
  0x000001e87fb11f80 VMThread "VM Thread" [stack: 0x0000003eb8a00000,0x0000003eb8b00000] [id=10728]
  0x000001e80628e370 WatcherThread "VM Periodic Task Thread" [stack: 0x0000003eb9600000,0x0000003eb9700000] [id=9676]
  0x000001e86514c060 WorkerThread "GC Thread#0" [stack: 0x0000003eb8500000,0x0000003eb8600000] [id=7116]
  0x000001e8063e5f00 WorkerThread "GC Thread#1" [stack: 0x0000003eb9700000,0x0000003eb9800000] [id=13160]
  0x000001e806721be0 WorkerThread "GC Thread#2" [stack: 0x0000003eb9800000,0x0000003eb9900000] [id=6716]
  0x000001e8066b6080 WorkerThread "GC Thread#3" [stack: 0x0000003eb9900000,0x0000003eb9a00000] [id=12836]
  0x000001e865154d70 ConcurrentGCThread "G1 Main Marker" [stack: 0x0000003eb8600000,0x0000003eb8700000] [id=9668]
  0x000001e865156240 WorkerThread "G1 Conc#0" [stack: 0x0000003eb8700000,0x0000003eb8800000] [id=10968]
  0x000001e8651ac3d0 ConcurrentGCThread "G1 Refine#0" [stack: 0x0000003eb8800000,0x0000003eb8900000] [id=12704]
  0x000001e8651ad930 ConcurrentGCThread "G1 Service" [stack: 0x0000003eb8900000,0x0000003eb8a00000] [id=1112]

Threads with active compile tasks:
C2 CompilerThread0     3632 1864       4       java.lang.invoke.MethodType::makeImpl (109 bytes)

VM state: not at safepoint (normal execution)

VM Mutex/Monitor currently owned by a thread: None

Heap address: 0x00000000c1000000, size: 1008 MB, Compressed Oops mode: 32-bit

CDS archive(s) mapped at: [0x0000000800000000-0x0000000800c60000-0x0000000800c60000), size 12976128, SharedBaseAddress: 0x0000000800000000, ArchiveRelocationMode: 0.
Compressed class space mapped at: 0x0000000801000000-0x0000000841000000, reserved size: 1073741824
Narrow klass base: 0x0000000800000000, Narrow klass shift: 0, Narrow klass range: 0x100000000

GC Precious Log:
 CardTable entry size: 512
 Card Set container configuration: InlinePtr #cards 5 size 8 Array Of Cards #cards 12 size 40 Howl #buckets 4 coarsen threshold 1843 Howl Bitmap #cards 512 size 80 coarsen threshold 460 Card regions per heap region 1 cards per card region 2048
 CPUs: 4 total, 4 available
 Memory: 4026M
 Large Page Support: Disabled
 NUMA Support: Disabled
 Compressed Oops: Enabled (32-bit)
 Heap Region Size: 1M
 Heap Min Capacity: 8M
 Heap Initial Capacity: 64M
 Heap Max Capacity: 1008M
 Pre-touch: Disabled
 Parallel Workers: 4
 Concurrent Workers: 1
 Concurrent Refinement Workers: 4
 Periodic GC: Disabled

Heap:
 garbage-first heap   total 65536K, used 34233K [0x00000000c1000000, 0x0000000100000000)
  region size 1024K, 31 young (31744K), 3 survivors (3072K)
 Metaspace       used 15592K, committed 15872K, reserved 1114112K
  class space    used 2329K, committed 2432K, reserved 1048576K

Heap Regions: E=young(eden), S=young(survivor), O=old, HS=humongous(starts), HC=humongous(continues), CS=collection set, F=free, OA=open archive, CA=closed archive, TAMS=top-at-mark-start, PB=parsable bottom
|   0|0x00000000c1000000, 0x00000000c1100000, 0x00000000c1100000|100%|HS|  |TAMS 0x00000000c1000000| PB 0x00000000c1000000| Complete 
|   1|0x00000000c1100000, 0x00000000c1200000, 0x00000000c1200000|100%| O|  |TAMS 0x00000000c1100000| PB 0x00000000c1100000| Untracked 
|   2|0x00000000c1200000, 0x00000000c12c4c00, 0x00000000c1300000| 76%| O|  |TAMS 0x00000000c1200000| PB 0x00000000c1200000| Untracked 
|   3|0x00000000c1300000, 0x00000000c1400000, 0x00000000c1400000|100%|HS|  |TAMS 0x00000000c1300000| PB 0x00000000c1300000| Complete 
|   4|0x00000000c1400000, 0x00000000c1500000, 0x00000000c1500000|100%|HC|  |TAMS 0x00000000c1400000| PB 0x00000000c1400000| Complete 
|   5|0x00000000c1500000, 0x00000000c1500000, 0x00000000c1600000|  0%| F|  |TAMS 0x00000000c1500000| PB 0x00000000c1500000| Untracked 
|   6|0x00000000c1600000, 0x00000000c1600000, 0x00000000c1700000|  0%| F|  |TAMS 0x00000000c1600000| PB 0x00000000c1600000| Untracked 
|   7|0x00000000c1700000, 0x00000000c1700000, 0x00000000c1800000|  0%| F|  |TAMS 0x00000000c1700000| PB 0x00000000c1700000| Untracked 
|   8|0x00000000c1800000, 0x00000000c1800000, 0x00000000c1900000|  0%| F|  |TAMS 0x00000000c1800000| PB 0x00000000c1800000| Untracked 
|   9|0x00000000c1900000, 0x00000000c1900000, 0x00000000c1a00000|  0%| F|  |TAMS 0x00000000c1900000| PB 0x00000000c1900000| Untracked 
|  10|0x00000000c1a00000, 0x00000000c1a00000, 0x00000000c1b00000|  0%| F|  |TAMS 0x00000000c1a00000| PB 0x00000000c1a00000| Untracked 
|  11|0x00000000c1b00000, 0x00000000c1b00000, 0x00000000c1c00000|  0%| F|  |TAMS 0x00000000c1b00000| PB 0x00000000c1b00000| Untracked 
|  12|0x00000000c1c00000, 0x00000000c1c00000, 0x00000000c1d00000|  0%| F|  |TAMS 0x00000000c1c00000| PB 0x00000000c1c00000| Untracked 
|  13|0x00000000c1d00000, 0x00000000c1d00000, 0x00000000c1e00000|  0%| F|  |TAMS 0x00000000c1d00000| PB 0x00000000c1d00000| Untracked 
|  14|0x00000000c1e00000, 0x00000000c1e00000, 0x00000000c1f00000|  0%| F|  |TAMS 0x00000000c1e00000| PB 0x00000000c1e00000| Untracked 
|  15|0x00000000c1f00000, 0x00000000c1f00000, 0x00000000c2000000|  0%| F|  |TAMS 0x00000000c1f00000| PB 0x00000000c1f00000| Untracked 
|  16|0x00000000c2000000, 0x00000000c2000000, 0x00000000c2100000|  0%| F|  |TAMS 0x00000000c2000000| PB 0x00000000c2000000| Untracked 
|  17|0x00000000c2100000, 0x00000000c2100000, 0x00000000c2200000|  0%| F|  |TAMS 0x00000000c2100000| PB 0x00000000c2100000| Untracked 
|  18|0x00000000c2200000, 0x00000000c2200000, 0x00000000c2300000|  0%| F|  |TAMS 0x00000000c2200000| PB 0x00000000c2200000| Untracked 
|  19|0x00000000c2300000, 0x00000000c2300000, 0x00000000c2400000|  0%| F|  |TAMS 0x00000000c2300000| PB 0x00000000c2300000| Untracked 
|  20|0x00000000c2400000, 0x00000000c2400000, 0x00000000c2500000|  0%| F|  |TAMS 0x00000000c2400000| PB 0x00000000c2400000| Untracked 
|  21|0x00000000c2500000, 0x00000000c2500000, 0x00000000c2600000|  0%| F|  |TAMS 0x00000000c2500000| PB 0x00000000c2500000| Untracked 
|  22|0x00000000c2600000, 0x00000000c2600000, 0x00000000c2700000|  0%| F|  |TAMS 0x00000000c2600000| PB 0x00000000c2600000| Untracked 
|  23|0x00000000c2700000, 0x00000000c2700000, 0x00000000c2800000|  0%| F|  |TAMS 0x00000000c2700000| PB 0x00000000c2700000| Untracked 
|  24|0x00000000c2800000, 0x00000000c2800000, 0x00000000c2900000|  0%| F|  |TAMS 0x00000000c2800000| PB 0x00000000c2800000| Untracked 
|  25|0x00000000c2900000, 0x00000000c2900000, 0x00000000c2a00000|  0%| F|  |TAMS 0x00000000c2900000| PB 0x00000000c2900000| Untracked 
|  26|0x00000000c2a00000, 0x00000000c2a00000, 0x00000000c2b00000|  0%| F|  |TAMS 0x00000000c2a00000| PB 0x00000000c2a00000| Untracked 
|  27|0x00000000c2b00000, 0x00000000c2b00000, 0x00000000c2c00000|  0%| F|  |TAMS 0x00000000c2b00000| PB 0x00000000c2b00000| Untracked 
|  28|0x00000000c2c00000, 0x00000000c2c00000, 0x00000000c2d00000|  0%| F|  |TAMS 0x00000000c2c00000| PB 0x00000000c2c00000| Untracked 
|  29|0x00000000c2d00000, 0x00000000c2d00000, 0x00000000c2e00000|  0%| F|  |TAMS 0x00000000c2d00000| PB 0x00000000c2d00000| Untracked 
|  30|0x00000000c2e00000, 0x00000000c2e00000, 0x00000000c2f00000|  0%| F|  |TAMS 0x00000000c2e00000| PB 0x00000000c2e00000| Untracked 
|  31|0x00000000c2f00000, 0x00000000c2f00000, 0x00000000c3000000|  0%| F|  |TAMS 0x00000000c2f00000| PB 0x00000000c2f00000| Untracked 
|  32|0x00000000c3000000, 0x00000000c3000000, 0x00000000c3100000|  0%| F|  |TAMS 0x00000000c3000000| PB 0x00000000c3000000| Untracked 
|  33|0x00000000c3100000, 0x00000000c31e6d90, 0x00000000c3200000| 90%| E|  |TAMS 0x00000000c3100000| PB 0x00000000c3100000| Complete 
|  34|0x00000000c3200000, 0x00000000c3300000, 0x00000000c3300000|100%| E|  |TAMS 0x00000000c3200000| PB 0x00000000c3200000| Complete 
|  35|0x00000000c3300000, 0x00000000c3400000, 0x00000000c3400000|100%| E|CS|TAMS 0x00000000c3300000| PB 0x00000000c3300000| Complete 
|  36|0x00000000c3400000, 0x00000000c3500000, 0x00000000c3500000|100%| E|CS|TAMS 0x00000000c3400000| PB 0x00000000c3400000| Complete 
|  37|0x00000000c3500000, 0x00000000c3600000, 0x00000000c3600000|100%| E|CS|TAMS 0x00000000c3500000| PB 0x00000000c3500000| Complete 
|  38|0x00000000c3600000, 0x00000000c3700000, 0x00000000c3700000|100%| E|CS|TAMS 0x00000000c3600000| PB 0x00000000c3600000| Complete 
|  39|0x00000000c3700000, 0x00000000c3800000, 0x00000000c3800000|100%| E|CS|TAMS 0x00000000c3700000| PB 0x00000000c3700000| Complete 
|  40|0x00000000c3800000, 0x00000000c3900000, 0x00000000c3900000|100%| E|CS|TAMS 0x00000000c3800000| PB 0x00000000c3800000| Complete 
|  41|0x00000000c3900000, 0x00000000c3a00000, 0x00000000c3a00000|100%| E|CS|TAMS 0x00000000c3900000| PB 0x00000000c3900000| Complete 
|  42|0x00000000c3a00000, 0x00000000c3aa9b50, 0x00000000c3b00000| 66%| S|CS|TAMS 0x00000000c3a00000| PB 0x00000000c3a00000| Complete 
|  43|0x00000000c3b00000, 0x00000000c3c00000, 0x00000000c3c00000|100%| S|CS|TAMS 0x00000000c3b00000| PB 0x00000000c3b00000| Complete 
|  44|0x00000000c3c00000, 0x00000000c3d00000, 0x00000000c3d00000|100%| S|CS|TAMS 0x00000000c3c00000| PB 0x00000000c3c00000| Complete 
|  45|0x00000000c3d00000, 0x00000000c3e00000, 0x00000000c3e00000|100%| E|CS|TAMS 0x00000000c3d00000| PB 0x00000000c3d00000| Complete 
|  46|0x00000000c3e00000, 0x00000000c3f00000, 0x00000000c3f00000|100%| E|CS|TAMS 0x00000000c3e00000| PB 0x00000000c3e00000| Complete 
|  47|0x00000000c3f00000, 0x00000000c4000000, 0x00000000c4000000|100%| E|CS|TAMS 0x00000000c3f00000| PB 0x00000000c3f00000| Complete 
|  48|0x00000000c4000000, 0x00000000c4100000, 0x00000000c4100000|100%| E|CS|TAMS 0x00000000c4000000| PB 0x00000000c4000000| Complete 
|  49|0x00000000c4100000, 0x00000000c4200000, 0x00000000c4200000|100%| E|CS|TAMS 0x00000000c4100000| PB 0x00000000c4100000| Complete 
|  50|0x00000000c4200000, 0x00000000c4300000, 0x00000000c4300000|100%| E|CS|TAMS 0x00000000c4200000| PB 0x00000000c4200000| Complete 
|  51|0x00000000c4300000, 0x00000000c4400000, 0x00000000c4400000|100%| E|CS|TAMS 0x00000000c4300000| PB 0x00000000c4300000| Complete 
|  52|0x00000000c4400000, 0x00000000c4500000, 0x00000000c4500000|100%| E|CS|TAMS 0x00000000c4400000| PB 0x00000000c4400000| Complete 
|  53|0x00000000c4500000, 0x00000000c4600000, 0x00000000c4600000|100%| E|CS|TAMS 0x00000000c4500000| PB 0x00000000c4500000| Complete 
|  54|0x00000000c4600000, 0x00000000c4700000, 0x00000000c4700000|100%| E|CS|TAMS 0x00000000c4600000| PB 0x00000000c4600000| Complete 
|  55|0x00000000c4700000, 0x00000000c4800000, 0x00000000c4800000|100%| E|CS|TAMS 0x00000000c4700000| PB 0x00000000c4700000| Complete 
|  56|0x00000000c4800000, 0x00000000c4900000, 0x00000000c4900000|100%| E|CS|TAMS 0x00000000c4800000| PB 0x00000000c4800000| Complete 
|  57|0x00000000c4900000, 0x00000000c4a00000, 0x00000000c4a00000|100%| E|CS|TAMS 0x00000000c4900000| PB 0x00000000c4900000| Complete 
|  58|0x00000000c4a00000, 0x00000000c4b00000, 0x00000000c4b00000|100%| E|CS|TAMS 0x00000000c4a00000| PB 0x00000000c4a00000| Complete 
|  59|0x00000000c4b00000, 0x00000000c4c00000, 0x00000000c4c00000|100%| E|CS|TAMS 0x00000000c4b00000| PB 0x00000000c4b00000| Complete 
|  60|0x00000000c4c00000, 0x00000000c4d00000, 0x00000000c4d00000|100%| E|CS|TAMS 0x00000000c4c00000| PB 0x00000000c4c00000| Complete 
|  61|0x00000000c4d00000, 0x00000000c4e00000, 0x00000000c4e00000|100%| E|CS|TAMS 0x00000000c4d00000| PB 0x00000000c4d00000| Complete 
|  62|0x00000000c4e00000, 0x00000000c4f00000, 0x00000000c4f00000|100%| E|CS|TAMS 0x00000000c4e00000| PB 0x00000000c4e00000| Complete 
|  63|0x00000000c4f00000, 0x00000000c5000000, 0x00000000c5000000|100%| E|CS|TAMS 0x00000000c4f00000| PB 0x00000000c4f00000| Complete 

Card table byte_map: [0x000001e87e1c0000,0x000001e87e3c0000] _byte_map_base: 0x000001e87dbb8000

Marking Bits: (CMBitMap*) 0x000001e86514c690
 Bits: [0x000001e87e5c0000, 0x000001e87f580000)

Polling page: 0x000001e8651d0000

Metaspace:

Usage:
  Non-class:     12.95 MB used.
      Class:      2.28 MB used.
       Both:     15.23 MB used.

Virtual space:
  Non-class space:       64.00 MB reserved,      13.12 MB ( 21%) committed,  1 nodes.
      Class space:        1.00 GB reserved,       2.38 MB ( <1%) committed,  1 nodes.
             Both:        1.06 GB reserved,      15.50 MB (  1%) committed. 

Chunk freelists:
   Non-Class:  2.14 MB
       Class:  1.57 MB
        Both:  3.71 MB

MaxMetaspaceSize: unlimited
CompressedClassSpaceSize: 1.00 GB
Initial GC threshold: 21.00 MB
Current GC threshold: 21.00 MB
CDS: on
MetaspaceReclaimPolicy: balanced
 - commit_granule_bytes: 65536.
 - commit_granule_words: 8192.
 - virtual_space_node_default_size: 8388608.
 - enlarge_chunks_in_place: 1.
 - new_chunks_are_fully_committed: 0.
 - uncommit_free_chunks: 1.
 - use_allocation_guard: 0.


Internal statistics:

num_allocs_failed_limit: 0.
num_arena_births: 352.
num_arena_deaths: 0.
num_vsnodes_births: 2.
num_vsnodes_deaths: 0.
num_space_committed: 248.
num_space_uncommitted: 0.
num_chunks_returned_to_freelist: 0.
num_chunks_taken_from_freelist: 819.
num_chunk_merges: 0.
num_chunk_splits: 570.
num_chunks_enlarged: 426.
num_inconsistent_stats: 0.

CodeHeap 'non-profiled nmethods': size=120000Kb used=659Kb max_used=659Kb free=119340Kb
 bounds [0x000001e876460000, 0x000001e8766d0000, 0x000001e87d990000]
CodeHeap 'profiled nmethods': size=120000Kb used=3535Kb max_used=3535Kb free=116465Kb
 bounds [0x000001e86e990000, 0x000001e86ed10000, 0x000001e875ec0000]
CodeHeap 'non-nmethods': size=5760Kb used=1843Kb max_used=1843Kb free=3916Kb
 bounds [0x000001e875ec0000, 0x000001e876130000, 0x000001e876460000]
 total_blobs=2736 nmethods=1928 adapters=718
 compilation: enabled
              stopped_count=0, restarted_count=0
 full_count=0

Compilation events (20 events):
Event: 3.557 Thread 0x000001e87fb3ce40 1920       3       com.sun.marlin.FloatMath::ceil_int (29 bytes)
Event: 3.557 Thread 0x000001e87fb3ce40 nmethod 1920 0x000001e86ecff410 code [0x000001e86ecff5a0, 0x000001e86ecff888]
Event: 3.558 Thread 0x000001e87fb3ce40 1923       3       com.sun.prism.impl.ps.PaintHelper::insertInterpColor (119 bytes)
Event: 3.559 Thread 0x000001e87fb3ce40 nmethod 1923 0x000001e86ecff990 code [0x000001e86ecffba0, 0x000001e86ed000a0]
Event: 3.559 Thread 0x000001e87fb3ce40 1924       3       com.sun.prism.impl.ManagedResource::getResource (9 bytes)
Event: 3.559 Thread 0x000001e87fb3ce40 nmethod 1924 0x000001e86ed00310 code [0x000001e86ed004c0, 0x000001e86ed00748]
Event: 3.559 Thread 0x000001e87fb3ce40 1925       3       com.sun.marlin.ArrayCacheIntClean::fill (21 bytes)
Event: 3.560 Thread 0x000001e87fb3ce40 nmethod 1925 0x000001e86ed00890 code [0x000001e86ed00a40, 0x000001e86ed00cc0]
Event: 3.560 Thread 0x000001e87fb3ce40 1926   !   3       java.nio.DirectFloatBufferU::put (36 bytes)
Event: 3.561 Thread 0x000001e87fb3ce40 nmethod 1926 0x000001e86ed00e90 code [0x000001e86ed010e0, 0x000001e86ed01b08]
Event: 3.561 Thread 0x000001e87fb3ce40 1928       3       com.sun.javafx.geom.transform.BaseTransform::almostZero (22 bytes)
Event: 3.561 Thread 0x000001e87fb3ce40 nmethod 1928 0x000001e86ed02010 code [0x000001e86ed021c0, 0x000001e86ed02398]
Event: 3.561 Thread 0x000001e87fb3ce40 1929       1       com.sun.prism.impl.BaseTexture::getContentWidth (5 bytes)
Event: 3.561 Thread 0x000001e87fb3ce40 nmethod 1929 0x000001e876503790 code [0x000001e876503900, 0x000001e8765039c8]
Event: 3.561 Thread 0x000001e87fb3ce40 1930       1       com.sun.javafx.font.PrismFontStrike::getAAMode (5 bytes)
Event: 3.562 Thread 0x000001e87fb3ce40 nmethod 1930 0x000001e876503a90 code [0x000001e876503c00, 0x000001e876503cc8]
Event: 3.562 Thread 0x000001e87fb3ce40 1927   !   3       java.nio.DirectByteBuffer::put (36 bytes)
Event: 3.563 Thread 0x000001e87fb3ce40 nmethod 1927 0x000001e86ed02410 code [0x000001e86ed02660, 0x000001e86ed03088]
Event: 3.563 Thread 0x000001e87fb3ce40 1931       1       com.sun.prism.impl.BaseTexture::getContentHeight (5 bytes)
Event: 3.563 Thread 0x000001e87fb3ce40 nmethod 1931 0x000001e876503d90 code [0x000001e876503f00, 0x000001e876503fc8]

GC Heap History (4 events):
Event: 0.780 GC heap before
{Heap before GC invocations=0 (full 0):
 garbage-first heap   total 65536K, used 12288K [0x00000000c1000000, 0x0000000100000000)
  region size 1024K, 13 young (13312K), 0 survivors (0K)
 Metaspace       used 2507K, committed 2624K, reserved 1114112K
  class space    used 265K, committed 320K, reserved 1048576K
}
Event: 0.787 GC heap after
{Heap after GC invocations=1 (full 0):
 garbage-first heap   total 65536K, used 1962K [0x00000000c1000000, 0x0000000100000000)
  region size 1024K, 2 young (2048K), 2 survivors (2048K)
 Metaspace       used 2507K, committed 2624K, reserved 1114112K
  class space    used 265K, committed 320K, reserved 1048576K
}
Event: 1.665 GC heap before
{Heap before GC invocations=1 (full 0):
 garbage-first heap   total 65536K, used 19370K [0x00000000c1000000, 0x0000000100000000)
  region size 1024K, 19 young (19456K), 2 survivors (2048K)
 Metaspace       used 8287K, committed 8576K, reserved 1114112K
  class space    used 1055K, committed 1216K, reserved 1048576K
}
Event: 1.672 GC heap after
{Heap after GC invocations=2 (full 0):
 garbage-first heap   total 65536K, used 5561K [0x00000000c1000000, 0x0000000100000000)
  region size 1024K, 3 young (3072K), 3 survivors (3072K)
 Metaspace       used 8287K, committed 8576K, reserved 1114112K
  class space    used 1055K, committed 1216K, reserved 1048576K
}

Dll operation events (20 events):
Event: 0.745 Loaded shared library C:\Users\RAFI\.openjfx\cache\20+19\amd64\api-ms-win-crt-locale-l1-1-0.dll
Event: 0.750 Loaded shared library C:\Users\RAFI\.openjfx\cache\20+19\amd64\api-ms-win-crt-math-l1-1-0.dll
Event: 0.755 Loaded shared library C:\Users\RAFI\.openjfx\cache\20+19\amd64\api-ms-win-crt-multibyte-l1-1-0.dll
Event: 0.762 Loaded shared library C:\Users\RAFI\.openjfx\cache\20+19\amd64\api-ms-win-crt-private-l1-1-0.dll
Event: 0.767 Loaded shared library C:\Users\RAFI\.openjfx\cache\20+19\amd64\api-ms-win-crt-process-l1-1-0.dll
Event: 0.773 Loaded shared library C:\Users\RAFI\.openjfx\cache\20+19\amd64\api-ms-win-crt-runtime-l1-1-0.dll
Event: 0.777 Loaded shared library C:\Users\RAFI\.openjfx\cache\20+19\amd64\api-ms-win-crt-stdio-l1-1-0.dll
Event: 0.790 Loaded shared library C:\Users\RAFI\.openjfx\cache\20+19\amd64\api-ms-win-crt-string-l1-1-0.dll
Event: 0.795 Loaded shared library C:\Users\RAFI\.openjfx\cache\20+19\amd64\api-ms-win-crt-time-l1-1-0.dll
Event: 0.799 Loaded shared library C:\Users\RAFI\.openjfx\cache\20+19\amd64\api-ms-win-crt-utility-l1-1-0.dll
Event: 0.823 Loaded shared library C:\Users\RAFI\.openjfx\cache\20+19\amd64\ucrtbase.dll
Event: 0.830 Loaded shared library C:\Users\RAFI\.openjfx\cache\20+19\amd64\vcruntime140.dll
Event: 0.835 Loaded shared library C:\Users\RAFI\.openjfx\cache\20+19\amd64\vcruntime140_1.dll
Event: 0.851 Loaded shared library C:\Users\RAFI\.openjfx\cache\20+19\amd64\msvcp140.dll
Event: 0.857 Loaded shared library C:\Users\RAFI\.openjfx\cache\20+19\amd64\msvcp140_1.dll
Event: 0.866 Loaded shared library C:\Users\RAFI\.openjfx\cache\20+19\amd64\msvcp140_2.dll
Event: 0.961 Loaded shared library C:\Users\RAFI\.openjfx\cache\20+19\amd64\prism_d3d.dll
Event: 1.092 Loaded shared library C:\Users\RAFI\.jdks\openjdk-20.0.1\bin\jimage.dll
Event: 1.093 Loaded shared library C:\Users\RAFI\.openjfx\cache\20+19\amd64\glass.dll
Event: 1.782 Loaded shared library C:\Users\RAFI\.openjfx\cache\20+19\amd64\javafx_font.dll

Deoptimization events (20 events):
Event: 2.920 Thread 0x000001e80685e840 Uncommon trap: trap_request=0xfffffff4 fr.pc=0x000001e8764d3268 relative=0x0000000000000848
Event: 2.920 Thread 0x000001e80685e840 Uncommon trap: reason=null_check action=make_not_entrant pc=0x000001e8764d3268 method=java.util.ArrayList.add(Ljava/lang/Object;[Ljava/lang/Object;I)V @ 14 c2
Event: 2.920 Thread 0x000001e80685e840 DEOPT PACKING pc=0x000001e8764d3268 sp=0x0000003eb9cfd890
Event: 2.920 Thread 0x000001e80685e840 DEOPT UNPACKING pc=0x000001e875f29d22 sp=0x0000003eb9cfd7f8 mode 2
Event: 2.952 Thread 0x000001e80685e840 Uncommon trap: trap_request=0xffffffde fr.pc=0x000001e87646eca0 relative=0x00000000000001a0
Event: 2.952 Thread 0x000001e80685e840 Uncommon trap: reason=class_check action=maybe_recompile pc=0x000001e87646eca0 method=java.lang.String.equals(Ljava/lang/Object;)Z @ 8 c2
Event: 2.952 Thread 0x000001e80685e840 DEOPT PACKING pc=0x000001e87646eca0 sp=0x0000003eb9cfdbd0
Event: 2.952 Thread 0x000001e80685e840 DEOPT UNPACKING pc=0x000001e875f29d22 sp=0x0000003eb9cfdb68 mode 2
Event: 2.952 Thread 0x000001e80685e840 Uncommon trap: trap_request=0xffffffde fr.pc=0x000001e87646eca0 relative=0x00000000000001a0
Event: 2.952 Thread 0x000001e80685e840 Uncommon trap: reason=class_check action=maybe_recompile pc=0x000001e87646eca0 method=java.lang.String.equals(Ljava/lang/Object;)Z @ 8 c2
Event: 2.952 Thread 0x000001e80685e840 DEOPT PACKING pc=0x000001e87646eca0 sp=0x0000003eb9cfdae0
Event: 2.952 Thread 0x000001e80685e840 DEOPT UNPACKING pc=0x000001e875f29d22 sp=0x0000003eb9cfda78 mode 2
Event: 2.952 Thread 0x000001e80685e840 Uncommon trap: trap_request=0xffffffde fr.pc=0x000001e87646eca0 relative=0x00000000000001a0
Event: 2.952 Thread 0x000001e80685e840 Uncommon trap: reason=class_check action=maybe_recompile pc=0x000001e87646eca0 method=java.lang.String.equals(Ljava/lang/Object;)Z @ 8 c2
Event: 2.952 Thread 0x000001e80685e840 DEOPT PACKING pc=0x000001e87646eca0 sp=0x0000003eb9cfdae0
Event: 2.952 Thread 0x000001e80685e840 DEOPT UNPACKING pc=0x000001e875f29d22 sp=0x0000003eb9cfda78 mode 2
Event: 3.007 Thread 0x000001e80685e840 Uncommon trap: trap_request=0xffffffde fr.pc=0x000001e87646eca0 relative=0x00000000000001a0
Event: 3.007 Thread 0x000001e80685e840 Uncommon trap: reason=class_check action=maybe_recompile pc=0x000001e87646eca0 method=java.lang.String.equals(Ljava/lang/Object;)Z @ 8 c2
Event: 3.007 Thread 0x000001e80685e840 DEOPT PACKING pc=0x000001e87646eca0 sp=0x0000003eb9cfda20
Event: 3.007 Thread 0x000001e80685e840 DEOPT UNPACKING pc=0x000001e875f29d22 sp=0x0000003eb9cfd9b8 mode 2

Classes loaded (20 events):
Event: 3.359 Loading class java/util/WeakHashMap$EntrySet
Event: 3.359 Loading class java/util/WeakHashMap$EntrySet done
Event: 3.359 Loading class java/util/WeakHashMap$EntryIterator
Event: 3.359 Loading class java/util/WeakHashMap$EntryIterator done
Event: 3.364 Loading class java/util/ConcurrentModificationException
Event: 3.364 Loading class java/util/ConcurrentModificationException done
Event: 3.393 Loading class java/util/concurrent/ConcurrentLinkedQueue
Event: 3.393 Loading class java/util/concurrent/ConcurrentLinkedQueue done
Event: 3.393 Loading class java/util/concurrent/ConcurrentLinkedQueue$Node
Event: 3.393 Loading class java/util/concurrent/ConcurrentLinkedQueue$Node done
Event: 3.457 Loading class java/nio/ShortBuffer
Event: 3.458 Loading class java/nio/ShortBuffer done
Event: 3.458 Loading class java/nio/DoubleBuffer
Event: 3.458 Loading class java/nio/DoubleBuffer done
Event: 3.458 Loading class java/nio/DirectFloatBufferU
Event: 3.459 Loading class java/nio/DirectFloatBufferU done
Event: 3.493 Loading class jdk/internal/ref/CleanerImpl$InnocuousThreadFactory
Event: 3.493 Loading class jdk/internal/ref/CleanerImpl$InnocuousThreadFactory done
Event: 3.504 Loading class sun/misc/Unsafe
Event: 3.504 Loading class sun/misc/Unsafe done

Classes unloaded (0 events):
No events

Classes redefined (0 events):
No events

Internal exceptions (20 events):
Event: 2.614 Thread 0x000001e80685e840 Exception <a 'java/lang/NoSuchMethodError'{0x00000000c4668060}: 'void java.lang.invoke.Invokers$Holder.invokeExact_MT(java.lang.Object, java.lang.Object, java.lang.Object, java.lang.Object)'> (0x00000000c4668060) 
thrown [s\open\src\hotspot\share\interpreter\linkResolver.cpp, line 773]
Event: 2.666 Thread 0x000001e80685e840 Exception <a 'sun/nio/fs/WindowsException'{0x00000000c4574650}> (0x00000000c4574650) 
thrown [s\open\src\hotspot\share\prims\jni.cpp, line 519]
Event: 2.685 Thread 0x000001e80685e840 Implicit null exception at 0x000001e8764a47c6 to 0x000001e8764a485a
Event: 2.764 Thread 0x000001e80685e840 Exception <a 'java/lang/ClassNotFoundException'{0x00000000c44fce58}: sun/util/logging/resources/spi/loggingProvider> (0x00000000c44fce58) 
thrown [s\open\src\hotspot\share\classfile\systemDictionary.cpp, line 305]
Event: 2.780 Thread 0x000001e80685e840 Implicit null exception at 0x000001e8764d539c to 0x000001e8764d5600
Event: 2.797 Thread 0x000001e80685e840 Implicit null exception at 0x000001e8764d1d9c to 0x000001e8764d2008
Event: 2.798 Thread 0x000001e80685e840 Implicit null exception at 0x000001e876483c1d to 0x000001e876483c99
Event: 2.920 Thread 0x000001e80685e840 Implicit null exception at 0x000001e8764d2bfc to 0x000001e8764d3250
Event: 2.990 Thread 0x000001e80685e840 Exception <a 'java/lang/IncompatibleClassChangeError'{0x00000000c3fb7568}: Found class java.lang.Object, but interface was expected> (0x00000000c3fb7568) 
thrown [s\open\src\hotspot\share\interpreter\linkResolver.cpp, line 840]
Event: 3.063 Thread 0x000001e80685e840 Exception <a 'java/lang/ClassNotFoundException'{0x00000000c3d7a078}: com/sun/javafx/scene/control/skin/resources/controls> (0x00000000c3d7a078) 
thrown [s\open\src\hotspot\share\prims\jni.cpp, line 538]
Event: 3.064 Thread 0x000001e80685e840 Exception <a 'java/lang/ClassNotFoundException'{0x00000000c3d87e50}: com/sun/javafx/scene/control/skin/resources/controls_en> (0x00000000c3d87e50) 
thrown [s\open\src\hotspot\share\prims\jni.cpp, line 538]
Event: 3.065 Thread 0x000001e80685e840 Exception <a 'java/lang/ClassNotFoundException'{0x00000000c3d88df8}: com/sun/javafx/scene/control/skin/resources/controls_en_ID> (0x00000000c3d88df8) 
thrown [s\open\src\hotspot\share\prims\jni.cpp, line 538]
Event: 3.152 Thread 0x000001e80685e840 Exception <a 'java/lang/NoSuchMethodError'{0x00000000c383d1d8}: 'void java.lang.invoke.DirectMethodHandle$Holder.invokeSpecial(java.lang.Object, java.lang.Object, java.lang.Object, java.lang.Object, java.lang.Object, java.lang.Object)'> (0x00000000c383d1d8) 
thrown [s\open\src\hotspot\share\interpreter\linkResolver.cpp, line 773]
Event: 3.293 Thread 0x000001e80685e840 Exception <a 'java/lang/NoSuchMethodError'{0x00000000c3588e88}: 'int java.lang.invoke.DirectMethodHandle$Holder.invokeSpecial(java.lang.Object, java.lang.Object, int)'> (0x00000000c3588e88) 
thrown [s\open\src\hotspot\share\interpreter\linkResolver.cpp, line 773]
Event: 3.313 Thread 0x000001e80685e840 Exception <a 'java/lang/NoSuchMethodError'{0x00000000c35c3bd0}: 'java.lang.Object java.lang.invoke.DirectMethodHandle$Holder.newInvokeSpecial(java.lang.Object, java.lang.Object, int)'> (0x00000000c35c3bd0) 
thrown [s\open\src\hotspot\share\interpreter\linkResolver.cpp, line 773]
Event: 3.393 Thread 0x000001e806376900 Exception <a 'java/lang/NoSuchMethodError'{0x00000000c343cf80}: 'int java.lang.invoke.DirectMethodHandle$Holder.invokeStaticInit(java.lang.Object, java.lang.Object)'> (0x00000000c343cf80) 
thrown [s\open\src\hotspot\share\interpreter\linkResolver.cpp, line 773]
Event: 3.395 Thread 0x000001e80685e840 Exception <a 'java/lang/NoSuchMethodError'{0x00000000c344fb10}: 'long java.lang.invoke.DirectMethodHandle$Holder.invokeStatic(java.lang.Object, java.lang.Object, java.lang.Object)'> (0x00000000c344fb10) 
thrown [s\open\src\hotspot\share\interpreter\linkResolver.cpp, line 773]
Event: 3.395 Thread 0x000001e80685e840 Exception <a 'java/lang/NoSuchMethodError'{0x00000000c3452ee0}: 'long java.lang.invoke.DirectMethodHandle$Holder.invokeStaticInit(java.lang.Object, java.lang.Object, java.lang.Object)'> (0x00000000c3452ee0) 
thrown [s\open\src\hotspot\share\interpreter\linkResolver.cpp, line 773]
Event: 3.402 Thread 0x000001e80685e840 Exception <a 'java/lang/NoSuchMethodError'{0x00000000c3479d30}: 'java.lang.Object java.lang.invoke.DirectMethodHandle$Holder.newInvokeSpecial(java.lang.Object, java.lang.Object, long)'> (0x00000000c3479d30) 
thrown [s\open\src\hotspot\share\interpreter\linkResolver.cpp, line 773]
Event: 3.402 Thread 0x000001e80685e840 Exception <a 'java/lang/NoSuchMethodError'{0x00000000c347d628}: 'java.lang.Object java.lang.invoke.Invokers$Holder.linkToTargetMethod(java.lang.Object, long, java.lang.Object)'> (0x00000000c347d628) 
thrown [s\open\src\hotspot\share\interpreter\linkResolver.cpp, line 773]

VM Operations (18 events):
Event: 0.316 Executing VM operation: HandshakeAllThreads
Event: 0.316 Executing VM operation: HandshakeAllThreads done
Event: 0.377 Executing VM operation: HandshakeAllThreads
Event: 0.378 Executing VM operation: HandshakeAllThreads done
Event: 0.780 Executing VM operation: G1CollectForAllocation
Event: 0.787 Executing VM operation: G1CollectForAllocation done
Event: 1.064 Executing VM operation: HandshakeAllThreads
Event: 1.065 Executing VM operation: HandshakeAllThreads done
Event: 1.665 Executing VM operation: G1CollectForAllocation
Event: 1.673 Executing VM operation: G1CollectForAllocation done
Event: 1.790 Executing VM operation: HandshakeAllThreads
Event: 1.790 Executing VM operation: HandshakeAllThreads done
Event: 2.746 Executing VM operation: HandshakeAllThreads
Event: 2.746 Executing VM operation: HandshakeAllThreads done
Event: 2.746 Executing VM operation: Cleanup
Event: 2.746 Executing VM operation: Cleanup done
Event: 2.748 Executing VM operation: HandshakeAllThreads
Event: 2.749 Executing VM operation: HandshakeAllThreads done

Events (19 events):
Event: 0.030 Thread 0x000001e86510c600 Thread added: 0x000001e86510c600
Event: 0.055 Thread 0x000001e87fb31800 Thread added: 0x000001e87fb31800
Event: 0.055 Thread 0x000001e87fb31f50 Thread added: 0x000001e87fb31f50
Event: 0.057 Thread 0x000001e87fb32a30 Thread added: 0x000001e87fb32a30
Event: 0.057 Thread 0x000001e87fb370a0 Thread added: 0x000001e87fb370a0
Event: 0.058 Thread 0x000001e87fb375f0 Thread added: 0x000001e87fb375f0
Event: 0.058 Thread 0x000001e87fb3bb50 Thread added: 0x000001e87fb3bb50
Event: 0.059 Thread 0x000001e87fb3c3d0 Thread added: 0x000001e87fb3c3d0
Event: 0.061 Thread 0x000001e87fb3ce40 Thread added: 0x000001e87fb3ce40
Event: 0.105 Thread 0x000001e80601b1c0 Thread added: 0x000001e80601b1c0
Event: 0.373 Thread 0x000001e80628b8c0 Thread added: 0x000001e80628b8c0
Event: 0.373 Thread 0x000001e80628be10 Thread added: 0x000001e80628be10
Event: 0.937 Thread 0x000001e806376900 Thread added: 0x000001e806376900
Event: 1.100 Thread 0x000001e806852cd0 Thread added: 0x000001e806852cd0
Event: 1.107 Thread 0x000001e80685e840 Thread added: 0x000001e80685e840
Event: 1.259 Thread 0x000001e8068a4ad0 Thread added: 0x000001e8068a4ad0
Event: 1.289 Thread 0x000001e806850df0 Thread added: 0x000001e806850df0
Event: 2.977 Thread 0x000001e80b8ad5b0 Thread added: 0x000001e80b8ad5b0
Event: 3.494 Thread 0x000001e80b8ae5a0 Thread added: 0x000001e80b8ae5a0


Dynamic libraries:
0x00007ff72ff60000 - 0x00007ff72ff6e000 	C:\Users\RAFI\.jdks\openjdk-20.0.1\bin\java.exe
0x00007ff9ca610000 - 0x00007ff9ca824000 	C:\Windows\SYSTEM32\ntdll.dll
0x00007ff9c9e40000 - 0x00007ff9c9f02000 	C:\Windows\System32\KERNEL32.DLL
0x00007ff9c7cc0000 - 0x00007ff9c8063000 	C:\Windows\System32\KERNELBASE.dll
0x00007ff9c8070000 - 0x00007ff9c8181000 	C:\Windows\System32\ucrtbase.dll
0x00007ff9af190000 - 0x00007ff9af1ab000 	C:\Users\RAFI\.jdks\openjdk-20.0.1\bin\VCRUNTIME140.dll
0x00007ff9af220000 - 0x00007ff9af237000 	C:\Users\RAFI\.jdks\openjdk-20.0.1\bin\jli.dll
0x00007ff9c9b70000 - 0x00007ff9c9d1b000 	C:\Windows\System32\USER32.dll
0x00007ff9c8300000 - 0x00007ff9c8326000 	C:\Windows\System32\win32u.dll
0x00007ff9be3c0000 - 0x00007ff9be64e000 	C:\Windows\WinSxS\amd64_microsoft.windows.common-controls_6595b64144ccf1df_6.0.22621.1635_none_270f70857386168e\COMCTL32.dll
0x00007ff9ca2d0000 - 0x00007ff9ca2f9000 	C:\Windows\System32\GDI32.dll
0x00007ff9ca170000 - 0x00007ff9ca217000 	C:\Windows\System32\msvcrt.dll
0x00007ff9c7a90000 - 0x00007ff9c7ba9000 	C:\Windows\System32\gdi32full.dll
0x00007ff9c7bb0000 - 0x00007ff9c7c4a000 	C:\Windows\System32\msvcp_win.dll
0x00007ff9c8c10000 - 0x00007ff9c8c41000 	C:\Windows\System32\IMM32.DLL
0x00007ff9be9f0000 - 0x00007ff9be9fc000 	C:\Users\RAFI\.jdks\openjdk-20.0.1\bin\vcruntime140_1.dll
0x00007ff9a2c20000 - 0x00007ff9a2cae000 	C:\Users\RAFI\.jdks\openjdk-20.0.1\bin\msvcp140.dll
0x00007ff98b8c0000 - 0x00007ff98c557000 	C:\Users\RAFI\.jdks\openjdk-20.0.1\bin\server\jvm.dll
0x00007ff9ca460000 - 0x00007ff9ca50e000 	C:\Windows\System32\ADVAPI32.dll
0x00007ff9c9510000 - 0x00007ff9c95b4000 	C:\Windows\System32\sechost.dll
0x00007ff9c9d20000 - 0x00007ff9c9e37000 	C:\Windows\System32\RPCRT4.dll
0x00007ff9b59b0000 - 0x00007ff9b59b9000 	C:\Windows\SYSTEM32\WSOCK32.dll
0x00007ff9ca300000 - 0x00007ff9ca371000 	C:\Windows\System32\WS2_32.dll
0x00007ff9c1740000 - 0x00007ff9c1774000 	C:\Windows\SYSTEM32\WINMM.dll
0x00007ff9bfe30000 - 0x00007ff9bfe3a000 	C:\Windows\SYSTEM32\VERSION.dll
0x00007ff9c6b10000 - 0x00007ff9c6b28000 	C:\Windows\SYSTEM32\kernel.appcore.dll
0x00007ff9b5320000 - 0x00007ff9b532a000 	C:\Users\RAFI\.jdks\openjdk-20.0.1\bin\jimage.dll
0x00007ff9b4830000 - 0x00007ff9b4a5e000 	C:\Windows\SYSTEM32\DBGHELP.DLL
0x00007ff9c8df0000 - 0x00007ff9c9179000 	C:\Windows\System32\combase.dll
0x00007ff9c9f10000 - 0x00007ff9c9fe7000 	C:\Windows\System32\OLEAUT32.dll
0x00007ff9b42c0000 - 0x00007ff9b42f2000 	C:\Windows\SYSTEM32\dbgcore.DLL
0x00007ff9c7a10000 - 0x00007ff9c7a8b000 	C:\Windows\System32\bcryptPrimitives.dll
0x00007ff9c1780000 - 0x00007ff9c178e000 	C:\Users\RAFI\.jdks\openjdk-20.0.1\bin\instrument.dll
0x00007ff9a2500000 - 0x00007ff9a2526000 	C:\Users\RAFI\.jdks\openjdk-20.0.1\bin\java.dll
0x00007ff9a2a60000 - 0x00007ff9a2b37000 	C:\Users\RAFI\.jdks\openjdk-20.0.1\bin\jsvml.dll
0x00007ff9c83f0000 - 0x00007ff9c8bea000 	C:\Windows\System32\SHELL32.dll
0x00007ff9c59d0000 - 0x00007ff9c629e000 	C:\Windows\SYSTEM32\windows.storage.dll
0x00007ff9c5890000 - 0x00007ff9c59ce000 	C:\Windows\SYSTEM32\wintypes.dll
0x00007ff9c8ce0000 - 0x00007ff9c8dd1000 	C:\Windows\System32\SHCORE.dll
0x00007ff9ca270000 - 0x00007ff9ca2ce000 	C:\Windows\System32\shlwapi.dll
0x00007ff9c7940000 - 0x00007ff9c7961000 	C:\Windows\SYSTEM32\profapi.dll
0x00007ff9af170000 - 0x00007ff9af183000 	C:\Users\RAFI\.jdks\openjdk-20.0.1\bin\net.dll
0x00007ff9c0e00000 - 0x00007ff9c0f37000 	C:\Windows\SYSTEM32\WINHTTP.dll
0x00007ff9c6f70000 - 0x00007ff9c6fd9000 	C:\Windows\system32\mswsock.dll
0x00007ff9a2a40000 - 0x00007ff9a2a56000 	C:\Users\RAFI\.jdks\openjdk-20.0.1\bin\nio.dll
0x00007ff9a2a20000 - 0x00007ff9a2a38000 	C:\Users\RAFI\.jdks\openjdk-20.0.1\bin\zip.dll
0x00007ff9bea00000 - 0x00007ff9bea1a000 	C:\Program Files\JetBrains\IntelliJ IDEA 2023.1.2\bin\breakgen64.dll
0x000001e87fd10000 - 0x000001e87fd13000 	C:\Users\RAFI\.openjfx\cache\20+19\amd64\api-ms-win-core-console-l1-1-0.dll
0x000001e87fd20000 - 0x000001e87fd23000 	C:\Users\RAFI\.openjfx\cache\20+19\amd64\api-ms-win-core-console-l1-2-0.dll
0x000001e87fd30000 - 0x000001e87fd33000 	C:\Users\RAFI\.openjfx\cache\20+19\amd64\api-ms-win-core-datetime-l1-1-0.dll
0x000001e87fd40000 - 0x000001e87fd43000 	C:\Users\RAFI\.openjfx\cache\20+19\amd64\api-ms-win-core-debug-l1-1-0.dll
0x000001e87fd50000 - 0x000001e87fd53000 	C:\Users\RAFI\.openjfx\cache\20+19\amd64\api-ms-win-core-errorhandling-l1-1-0.dll
0x000001e87fd60000 - 0x000001e87fd64000 	C:\Users\RAFI\.openjfx\cache\20+19\amd64\api-ms-win-core-file-l1-1-0.dll
0x000001e87fd70000 - 0x000001e87fd73000 	C:\Users\RAFI\.openjfx\cache\20+19\amd64\api-ms-win-core-file-l1-2-0.dll
0x000001e87fd80000 - 0x000001e87fd83000 	C:\Users\RAFI\.openjfx\cache\20+19\amd64\api-ms-win-core-file-l2-1-0.dll
0x000001e87fd90000 - 0x000001e87fd93000 	C:\Users\RAFI\.openjfx\cache\20+19\amd64\api-ms-win-core-handle-l1-1-0.dll
0x000001e87fda0000 - 0x000001e87fda3000 	C:\Users\RAFI\.openjfx\cache\20+19\amd64\api-ms-win-core-heap-l1-1-0.dll
0x000001e87fdb0000 - 0x000001e87fdb3000 	C:\Users\RAFI\.openjfx\cache\20+19\amd64\api-ms-win-core-interlocked-l1-1-0.dll
0x000001e87fdc0000 - 0x000001e87fdc3000 	C:\Users\RAFI\.openjfx\cache\20+19\amd64\api-ms-win-core-libraryloader-l1-1-0.dll
0x000001e87fdd0000 - 0x000001e87fdd3000 	C:\Users\RAFI\.openjfx\cache\20+19\amd64\api-ms-win-core-localization-l1-2-0.dll
0x000001e87fde0000 - 0x000001e87fde3000 	C:\Users\RAFI\.openjfx\cache\20+19\amd64\api-ms-win-core-memory-l1-1-0.dll
0x000001e87fdf0000 - 0x000001e87fdf3000 	C:\Users\RAFI\.openjfx\cache\20+19\amd64\api-ms-win-core-namedpipe-l1-1-0.dll
0x000001e87fe00000 - 0x000001e87fe03000 	C:\Users\RAFI\.openjfx\cache\20+19\amd64\api-ms-win-core-processenvironment-l1-1-0.dll
0x000001e87fe10000 - 0x000001e87fe13000 	C:\Users\RAFI\.openjfx\cache\20+19\amd64\api-ms-win-core-processthreads-l1-1-0.dll
0x000001e87fe20000 - 0x000001e87fe23000 	C:\Users\RAFI\.openjfx\cache\20+19\amd64\api-ms-win-core-processthreads-l1-1-1.dll
0x000001e87fe30000 - 0x000001e87fe33000 	C:\Users\RAFI\.openjfx\cache\20+19\amd64\api-ms-win-core-profile-l1-1-0.dll
0x000001e87fe40000 - 0x000001e87fe43000 	C:\Users\RAFI\.openjfx\cache\20+19\amd64\api-ms-win-core-rtlsupport-l1-1-0.dll
0x000001e87fe50000 - 0x000001e87fe53000 	C:\Users\RAFI\.openjfx\cache\20+19\amd64\api-ms-win-core-string-l1-1-0.dll
0x000001e87fe60000 - 0x000001e87fe63000 	C:\Users\RAFI\.openjfx\cache\20+19\amd64\api-ms-win-core-synch-l1-1-0.dll
0x000001e87fe70000 - 0x000001e87fe73000 	C:\Users\RAFI\.openjfx\cache\20+19\amd64\api-ms-win-core-synch-l1-2-0.dll
0x000001e87fe80000 - 0x000001e87fe83000 	C:\Users\RAFI\.openjfx\cache\20+19\amd64\api-ms-win-core-sysinfo-l1-1-0.dll
0x000001e87fe90000 - 0x000001e87fe93000 	C:\Users\RAFI\.openjfx\cache\20+19\amd64\api-ms-win-core-timezone-l1-1-0.dll
0x000001e87fea0000 - 0x000001e87fea3000 	C:\Users\RAFI\.openjfx\cache\20+19\amd64\api-ms-win-core-util-l1-1-0.dll
0x000001e87feb0000 - 0x000001e87feb3000 	C:\Users\RAFI\.openjfx\cache\20+19\amd64\api-ms-win-crt-conio-l1-1-0.dll
0x000001e87fec0000 - 0x000001e87fec4000 	C:\Users\RAFI\.openjfx\cache\20+19\amd64\api-ms-win-crt-convert-l1-1-0.dll
0x000001e87fed0000 - 0x000001e87fed3000 	C:\Users\RAFI\.openjfx\cache\20+19\amd64\api-ms-win-crt-environment-l1-1-0.dll
0x000001e87fee0000 - 0x000001e87fee3000 	C:\Users\RAFI\.openjfx\cache\20+19\amd64\api-ms-win-crt-filesystem-l1-1-0.dll
0x000001e87fef0000 - 0x000001e87fef3000 	C:\Users\RAFI\.openjfx\cache\20+19\amd64\api-ms-win-crt-heap-l1-1-0.dll
0x000001e87ff00000 - 0x000001e87ff03000 	C:\Users\RAFI\.openjfx\cache\20+19\amd64\api-ms-win-crt-locale-l1-1-0.dll
0x000001e87ff10000 - 0x000001e87ff15000 	C:\Users\RAFI\.openjfx\cache\20+19\amd64\api-ms-win-crt-math-l1-1-0.dll
0x000001e87ff20000 - 0x000001e87ff25000 	C:\Users\RAFI\.openjfx\cache\20+19\amd64\api-ms-win-crt-multibyte-l1-1-0.dll
0x000001e87ff30000 - 0x000001e87ff40000 	C:\Users\RAFI\.openjfx\cache\20+19\amd64\api-ms-win-crt-private-l1-1-0.dll
0x000001e87ff40000 - 0x000001e87ff43000 	C:\Users\RAFI\.openjfx\cache\20+19\amd64\api-ms-win-crt-process-l1-1-0.dll
0x000001e87ff50000 - 0x000001e87ff54000 	C:\Users\RAFI\.openjfx\cache\20+19\amd64\api-ms-win-crt-runtime-l1-1-0.dll
0x000001e87ff60000 - 0x000001e87ff64000 	C:\Users\RAFI\.openjfx\cache\20+19\amd64\api-ms-win-crt-stdio-l1-1-0.dll
0x000001e87ff70000 - 0x000001e87ff74000 	C:\Users\RAFI\.openjfx\cache\20+19\amd64\api-ms-win-crt-string-l1-1-0.dll
0x000001e87ff80000 - 0x000001e87ff83000 	C:\Users\RAFI\.openjfx\cache\20+19\amd64\api-ms-win-crt-time-l1-1-0.dll
0x000001e87ff90000 - 0x000001e87ff93000 	C:\Users\RAFI\.openjfx\cache\20+19\amd64\api-ms-win-crt-utility-l1-1-0.dll
0x00007ff9a4a60000 - 0x00007ff9a4b5c000 	C:\Users\RAFI\.openjfx\cache\20+19\amd64\ucrtbase.dll
0x00007ff9bd060000 - 0x00007ff9bd07b000 	C:\Users\RAFI\.openjfx\cache\20+19\amd64\vcruntime140.dll
0x00007ff9bd040000 - 0x00007ff9bd04c000 	C:\Users\RAFI\.openjfx\cache\20+19\amd64\vcruntime140_1.dll
0x00007ff9a49d0000 - 0x00007ff9a4a5e000 	C:\Users\RAFI\.openjfx\cache\20+19\amd64\msvcp140.dll
0x00007ff9bba00000 - 0x00007ff9bba09000 	C:\Users\RAFI\.openjfx\cache\20+19\amd64\msvcp140_1.dll
0x00007ff9b95b0000 - 0x00007ff9b95e0000 	C:\Users\RAFI\.openjfx\cache\20+19\amd64\msvcp140_2.dll
0x00007ff9a49a0000 - 0x00007ff9a49cf000 	C:\Users\RAFI\.openjfx\cache\20+19\amd64\prism_d3d.dll
0x00007ff9a4530000 - 0x00007ff9a46d9000 	C:\Windows\system32\d3d9.dll
0x00007ff9c5400000 - 0x00007ff9c542b000 	C:\Windows\SYSTEM32\dwmapi.dll
0x00007ff9c50d0000 - 0x00007ff9c5108000 	C:\Windows\SYSTEM32\dxcore.dll
0x00007ff9c4fd0000 - 0x00007ff9c507b000 	C:\Windows\system32\uxtheme.dll
0x00007ff983750000 - 0x00007ff985c8d000 	C:\Windows\SYSTEM32\igdumdim64.dll
0x00007ff9c9370000 - 0x00007ff9c950c000 	C:\Windows\System32\ole32.dll
0x00007ff9c95c0000 - 0x00007ff9c9a34000 	C:\Windows\System32\SETUPAPI.dll
0x00007ff9c1970000 - 0x00007ff9c19b8000 	C:\Windows\SYSTEM32\directxdatabasehelper.dll
0x00007ff9a47e0000 - 0x00007ff9a4822000 	C:\Users\RAFI\.openjfx\cache\20+19\amd64\glass.dll
0x00007ff9ca060000 - 0x00007ff9ca157000 	C:\Windows\System32\COMDLG32.dll
0x00007ff9c9a40000 - 0x00007ff9c9b67000 	C:\Windows\System32\MSCTF.dll
0x00007ff9bbc00000 - 0x00007ff9bc63f000 	C:\Windows\SYSTEM32\igdusc64.dll
0x00007ff9b4300000 - 0x00007ff9b4314000 	C:\Users\RAFI\.openjfx\cache\20+19\amd64\javafx_font.dll
0x00007ff9c3a00000 - 0x00007ff9c3c67000 	C:\Windows\SYSTEM32\dwrite.dll
0x00007ff9ca520000 - 0x00007ff9ca5d0000 	C:\Windows\System32\clbcatq.dll
0x00007ff9c3460000 - 0x00007ff9c3610000 	C:\Windows\SYSTEM32\WindowsCodecs.dll
0x00007ff9a72d0000 - 0x00007ff9a732e000 	C:\Windows\system32\dataexchange.dll
0x00007ff9bf570000 - 0x00007ff9bf7de000 	C:\Windows\system32\twinapi.appcore.dll
0x00007ff9a4960000 - 0x00007ff9a4992000 	C:\Program Files\Common Files\Microsoft Shared\Ink\rtscom.dll
0x00007ff9b92b0000 - 0x00007ff9b93dd000 	C:\Windows\SYSTEM32\textinputframework.dll
0x00007ff9c4b20000 - 0x00007ff9c4c53000 	C:\Windows\SYSTEM32\CoreMessaging.dll
0x00007ff9c0f50000 - 0x00007ff9c12bc000 	C:\Windows\SYSTEM32\CoreUIComponents.dll
0x00007ff9c7270000 - 0x00007ff9c727c000 	C:\Windows\SYSTEM32\CRYPTBASE.DLL

dbghelp: loaded successfully - version: 4.0.5 - missing functions: none
symbol engine: initialized successfully - sym options: 0x614 - pdb path: .;C:\Users\RAFI\.jdks\openjdk-20.0.1\bin;C:\Windows\SYSTEM32;C:\Windows\WinSxS\amd64_microsoft.windows.common-controls_6595b64144ccf1df_6.0.22621.1635_none_270f70857386168e;C:\Users\RAFI\.jdks\openjdk-20.0.1\bin\server;C:\Program Files\JetBrains\IntelliJ IDEA 2023.1.2\bin;C:\Users\RAFI\.openjfx\cache\20+19\amd64;C:\Program Files\Common Files\Microsoft Shared\Ink

VM Arguments:
jvm_args: -javaagent:C:\Program Files\JetBrains\IntelliJ IDEA 2023.1.2\lib\idea_rt.jar=55605:C:\Program Files\JetBrains\IntelliJ IDEA 2023.1.2\bin -Dfile.encoding=UTF-8 -Dsun.stdout.encoding=UTF-8 -Dsun.stderr.encoding=UTF-8 --module-path=C:\Users\RAFI\.m2\repository\mysql\mysql-connector-java\8.0.26\mysql-connector-java-8.0.26.jar;C:\Users\RAFI\.m2\repository\org\openjfx\javafx-base\20\javafx-base-20-win.jar;C:\Users\RAFI\.m2\repository\org\openjfx\javafx-fxml\20\javafx-fxml-20-win.jar;C:\Users\RAFI\.m2\repository\org\openjfx\javafx-controls\20\javafx-controls-20-win.jar;C:\Users\RAFI\IdeaProjects\consultationSheetApp\target\classes;C:\Users\RAFI\.m2\repository\org\openjfx\javafx-graphics\20\javafx-graphics-20-win.jar -Djdk.module.main=emr.consultationsheetapp 
java_command: emr.consultationsheetapp/emr.consultationsheetapp.App
java_class_path (initial): C:\Users\RAFI\.m2\repository\org\openjfx\javafx-controls\20\javafx-controls-20.jar;C:\Users\RAFI\.m2\repository\org\openjfx\javafx-graphics\20\javafx-graphics-20.jar;C:\Users\RAFI\.m2\repository\org\openjfx\javafx-base\20\javafx-base-20.jar;C:\Users\RAFI\.m2\repository\org\openjfx\javafx-fxml\20\javafx-fxml-20.jar;C:\Users\RAFI\.m2\repository\com\google\protobuf\protobuf-java\3.11.4\protobuf-java-3.11.4.jar
Launcher Type: SUN_STANDARD

[Global flags]
     intx CICompilerCount                          = 3                                         {product} {ergonomic}
     uint ConcGCThreads                            = 1                                         {product} {ergonomic}
     uint G1ConcRefinementThreads                  = 4                                         {product} {ergonomic}
   size_t G1HeapRegionSize                         = 1048576                                   {product} {ergonomic}
    uintx GCDrainStackTargetSize                   = 64                                        {product} {ergonomic}
   size_t InitialHeapSize                          = 67108864                                  {product} {ergonomic}
   size_t MarkStackSize                            = 4194304                                   {product} {ergonomic}
   size_t MaxHeapSize                              = 1056964608                                {product} {ergonomic}
   size_t MaxNewSize                               = 633339904                                 {product} {ergonomic}
   size_t MinHeapDeltaBytes                        = 1048576                                   {product} {ergonomic}
   size_t MinHeapSize                              = 8388608                                   {product} {ergonomic}
    uintx NonNMethodCodeHeapSize                   = 5832780                                {pd product} {ergonomic}
    uintx NonProfiledCodeHeapSize                  = 122912730                              {pd product} {ergonomic}
    uintx ProfiledCodeHeapSize                     = 122912730                              {pd product} {ergonomic}
    uintx ReservedCodeCacheSize                    = 251658240                              {pd product} {ergonomic}
     bool SegmentedCodeCache                       = true                                      {product} {ergonomic}
   size_t SoftMaxHeapSize                          = 1056964608                             {manageable} {ergonomic}
     bool UseCompressedClassPointers               = true                           {product lp64_product} {ergonomic}
     bool UseCompressedOops                        = true                           {product lp64_product} {ergonomic}
     bool UseG1GC                                  = true                                      {product} {ergonomic}
     bool UseLargePagesIndividualAllocation        = false                                  {pd product} {ergonomic}

Logging:
Log output configuration:
 #0: stdout all=warning uptime,level,tags foldmultilines=false
 #1: stderr all=off uptime,level,tags foldmultilines=false

Environment Variables:
PATH=C:\Python311\Scripts\;C:\Python311\;C:\Program Files (x86)\Common Files\Oracle\Java\javapath;C:\Windows\system32;C:\Windows;C:\Windows\System32\Wbem;C:\Windows\System32\WindowsPowerShell\v1.0\;C:\Windows\System32\OpenSSH\;C:\ProgramData\chocolatey\bin;C:\Program Files\nodejs\;C:\Program Files\NVIDIA Corporation\NVIDIA NvDLISR;C:\Program Files\Git\cmd;C:\Program Files\PostgreSQL\15\bin;C:\Program Files\MySQL\MySQL Shell 8.0\bin\;C:\Users\RAFI\AppData\Local\Microsoft\WindowsApps;C:\Users\RAFI\AppData\Local\Programs\Microsoft VS Code\bin;C:\Program Files\JetBrains\IntelliJ IDEA 2022.3.2\bin;;C:\Users\RAFI\AppData\Roaming\npm;C:\Program Files\JetBrains\IntelliJ IDEA Community Edition 2023.1.1\bin;
USERNAME=RAFI
OS=Windows_NT
PROCESSOR_IDENTIFIER=Intel64 Family 6 Model 69 Stepping 1, GenuineIntel
TMP=C:\Users\RAFI\AppData\Local\Temp
TEMP=C:\Users\RAFI\AppData\Local\Temp




---------------  S Y S T E M  ---------------

OS:
 Windows 11 , 64 bit Build 22621 (10.0.22621.1778)
OS uptime: 0 days 11:51 hours
Hyper-V role detected

CPU: total 4 (initial active 4) (2 cores per cpu, 2 threads per core) family 6 model 69 stepping 1 microcode 0x26, cx8, cmov, fxsr, ht, mmx, sse, sse2, sse3, ssse3, sse4.1, sse4.2, popcnt, lzcnt, tsc, tscinvbit, avx, avx2, aes, erms, clmul, bmi1, bmi2, fma, vzeroupper, clflush, hv, rdtscp, f16c

Memory: 4k page, system-wide physical 4026M (100M free)
TotalPageFile size 16314M (AvailPageFile size 3M)
current process WorkingSet (physical memory assigned to process): 142M, peak: 142M
current process commit charge ("private bytes"): 212M, peak: 212M

vm_info: OpenJDK 64-Bit Server VM (20.0.1+9-29) for windows-amd64 JRE (20.0.1+9-29), built on 2023-03-07T13:56:11Z by "mach5one" with MS VC++ 17.1 (VS2022)

END.
