#
# There is insufficient memory for the Java Runtime Environment to continue.
# Native memory allocation (malloc) failed to allocate 247696 bytes for Chunk::new
# Possible reasons:
#   The system is out of physical RAM or swap space
#   The process is running with CompressedOops enabled, and the Java Heap may be blocking the growth of the native heap
# Possible solutions:
#   Reduce memory load on the system
#   Increase physical memory or swap space
#   Check if swap backing store is full
#   Decrease Java heap size (-Xmx/-Xms)
#   Decrease number of Java threads
#   Decrease Java thread stack sizes (-Xss)
#   Set larger code cache with -XX:ReservedCodeCacheSize=
#   JVM is running with Unscaled Compressed Oops mode in which the Java heap is
#     placed in the first 4GB address space. The Java Heap base address is the
#     maximum limit for the native heap growth. Please use -XX:HeapBaseMinAddress
#     to set the Java Heap base and to place the Java Heap above 4GB virtual address.
# This output file may be truncated or incomplete.
#
#  Out of Memory Error (arena.cpp:184), pid=2024, tid=13128
#
# JRE version: OpenJDK Runtime Environment (20.0.1+9) (build 20.0.1+9-29)
# Java VM: OpenJDK 64-Bit Server VM (20.0.1+9-29, mixed mode, sharing, tiered, compressed oops, compressed class ptrs, g1 gc, windows-amd64)
# No core dump will be written. Minidumps are not enabled by default on client versions of Windows
#

---------------  S U M M A R Y ------------

Command Line: -javaagent:C:\Program Files\JetBrains\IntelliJ IDEA 2023.1.2\lib\idea_rt.jar=54879:C:\Program Files\JetBrains\IntelliJ IDEA 2023.1.2\bin -Dfile.encoding=UTF-8 -Dsun.stdout.encoding=UTF-8 -Dsun.stderr.encoding=UTF-8 --module-path=C:\Users\RAFI\.m2\repository\mysql\mysql-connector-java\8.0.26\mysql-connector-java-8.0.26.jar;C:\Users\RAFI\.m2\repository\org\openjfx\javafx-graphics\20\javafx-graphics-20-win.jar;C:\Users\RAFI\.m2\repository\org\openjfx\javafx-controls\20\javafx-controls-20-win.jar;C:\Users\RAFI\IdeaProjects\consultationSheetApp\target\classes;C:\Users\RAFI\.m2\repository\org\openjfx\javafx-fxml\20\javafx-fxml-20-win.jar;C:\Users\RAFI\.m2\repository\org\openjfx\javafx-base\20\javafx-base-20-win.jar -Djdk.module.main=emr.consultationsheetapp emr.consultationsheetapp/emr.consultationsheetapp.App

Host: Intel(R) Core(TM) i5-4200U CPU @ 1.60GHz, 4 cores, 3G,  Windows 11 , 64 bit Build 22621 (10.0.22621.1778)
Time: Wed Jun 21 21:30:15 2023 Malay Peninsula Standard Time elapsed time: 1.079216 seconds (0d 0h 0m 1s)

---------------  T H R E A D  ---------------

Current thread (0x000002802d9c8a00):  JavaThread "C2 CompilerThread0" daemon [_thread_in_native, id=13128, stack(0x000000948a800000,0x000000948a900000)]


Current CompileTask:
C2:   1079  803       4       java.util.HashMap::resize (356 bytes)

Stack: [0x000000948a800000,0x000000948a900000]
Native frames: (J=compiled Java code, j=interpreted, Vv=VM code, C=native code)
V  [jvm.dll+0x6bb95a]
V  [jvm.dll+0x8485fa]
V  [jvm.dll+0x84a1f5]
V  [jvm.dll+0x84a8f3]
V  [jvm.dll+0x280b0f]
V  [jvm.dll+0xc2b11]
V  [jvm.dll+0xc2e35]
V  [jvm.dll+0x3bb142]
V  [jvm.dll+0x3857f5]
V  [jvm.dll+0x384c6a]
V  [jvm.dll+0x24b259]
V  [jvm.dll+0x24a651]
V  [jvm.dll+0x1ce491]
V  [jvm.dll+0x259e1b]
V  [jvm.dll+0x2584f0]
V  [jvm.dll+0x3f2895]
V  [jvm.dll+0x7f4b56]
V  [jvm.dll+0x6ba5cb]
C  [ucrtbase.dll+0x29363]
C  [KERNEL32.DLL+0x126ad]
C  [ntdll.dll+0x5a9f8]


---------------  P R O C E S S  ---------------

Threads class SMR info:
_java_thread_list=0x0000028031e48720, length=12, elements={
0x0000028012edb310, 0x000002802d9bdfc0, 0x000002802d9beca0, 0x000002802d9c2330,
0x000002802d9c4c80, 0x000002802d9c5760, 0x000002802d9c6370, 0x000002802d9c8a00,
0x000002802d9d4600, 0x0000028012f8c4f0, 0x0000028031e66060, 0x0000028031e96630
}

Java Threads: ( => current thread )
  0x0000028012edb310 JavaThread "main" [_thread_in_native, id=4232, stack(0x0000009489b00000,0x0000009489c00000)]
  0x000002802d9bdfc0 JavaThread "Reference Handler" daemon [_thread_blocked, id=13364, stack(0x000000948a200000,0x000000948a300000)]
  0x000002802d9beca0 JavaThread "Finalizer" daemon [_thread_blocked, id=5568, stack(0x000000948a300000,0x000000948a400000)]
  0x000002802d9c2330 JavaThread "Signal Dispatcher" daemon [_thread_blocked, id=12932, stack(0x000000948a400000,0x000000948a500000)]
  0x000002802d9c4c80 JavaThread "Attach Listener" daemon [_thread_blocked, id=5584, stack(0x000000948a500000,0x000000948a600000)]
  0x000002802d9c5760 JavaThread "Service Thread" daemon [_thread_blocked, id=11040, stack(0x000000948a600000,0x000000948a700000)]
  0x000002802d9c6370 JavaThread "Monitor Deflation Thread" daemon [_thread_blocked, id=232, stack(0x000000948a700000,0x000000948a800000)]
=>0x000002802d9c8a00 JavaThread "C2 CompilerThread0" daemon [_thread_in_native, id=13128, stack(0x000000948a800000,0x000000948a900000)]
  0x000002802d9d4600 JavaThread "C1 CompilerThread0" daemon [_thread_blocked, id=7284, stack(0x000000948a900000,0x000000948aa00000)]
  0x0000028012f8c4f0 JavaThread "Common-Cleaner" daemon [_thread_blocked, id=4392, stack(0x000000948aa00000,0x000000948ab00000)]
  0x0000028031e66060 JavaThread "Monitor Ctrl-Break" daemon [_thread_in_native, id=9604, stack(0x000000948ab00000,0x000000948ac00000)]
  0x0000028031e96630 JavaThread "Notification Thread" daemon [_thread_blocked, id=11728, stack(0x000000948ac00000,0x000000948ad00000)]

Other Threads:
  0x0000028012f9e3a0 VMThread "VM Thread" [stack: 0x000000948a100000,0x000000948a200000] [id=7508]
  0x0000028031e51030 WatcherThread "VM Periodic Task Thread" [stack: 0x000000948ad00000,0x000000948ae00000] [id=12116]
  0x0000028012f1bb90 WorkerThread "GC Thread#0" [stack: 0x0000009489c00000,0x0000009489d00000] [id=12352]
  0x0000028032113e40 WorkerThread "GC Thread#1" [stack: 0x000000948ae00000,0x000000948af00000] [id=10040]
  0x000002803229cb70 WorkerThread "GC Thread#2" [stack: 0x000000948af00000,0x000000948b000000] [id=3724]
  0x000002803229ce40 WorkerThread "GC Thread#3" [stack: 0x000000948b000000,0x000000948b100000] [id=4068]
  0x0000028012f24ba0 ConcurrentGCThread "G1 Main Marker" [stack: 0x0000009489d00000,0x0000009489e00000] [id=6324]
  0x0000028012f25d70 WorkerThread "G1 Conc#0" [stack: 0x0000009489e00000,0x0000009489f00000] [id=4172]
  0x0000028012f77a20 ConcurrentGCThread "G1 Refine#0" [stack: 0x0000009489f00000,0x000000948a000000] [id=2728]
  0x0000028012f79770 ConcurrentGCThread "G1 Service" [stack: 0x000000948a000000,0x000000948a100000] [id=6036]

Threads with active compile tasks:
C2 CompilerThread0     1136  803       4       java.util.HashMap::resize (356 bytes)

VM state: not at safepoint (normal execution)

VM Mutex/Monitor currently owned by a thread: None

OutOfMemory and StackOverflow Exception counts:
OutOfMemoryError java_heap_errors=2
LinkageErrors=11

Heap address: 0x00000000c1000000, size: 1008 MB, Compressed Oops mode: 32-bit

CDS archive(s) mapped at: [0x0000000800000000-0x0000000800c60000-0x0000000800c60000), size 12976128, SharedBaseAddress: 0x0000000800000000, ArchiveRelocationMode: 0.
Compressed class space mapped at: 0x0000000801000000-0x0000000841000000, reserved size: 1073741824
Narrow klass base: 0x0000000800000000, Narrow klass shift: 0, Narrow klass range: 0x100000000

GC Precious Log:
 CardTable entry size: 512
 Card Set container configuration: InlinePtr #cards 5 size 8 Array Of Cards #cards 12 size 40 Howl #buckets 4 coarsen threshold 1843 Howl Bitmap #cards 512 size 80 coarsen threshold 460 Card regions per heap region 1 cards per card region 2048
 CPUs: 4 total, 4 available
 Memory: 4026M
 Large Page Support: Disabled
 NUMA Support: Disabled
 Compressed Oops: Enabled (32-bit)
 Heap Region Size: 1M
 Heap Min Capacity: 8M
 Heap Initial Capacity: 64M
 Heap Max Capacity: 1008M
 Pre-touch: Disabled
 Parallel Workers: 4
 Concurrent Workers: 1
 Concurrent Refinement Workers: 4
 Periodic GC: Disabled

Heap:
 garbage-first heap   total 65536K, used 2986K [0x00000000c1000000, 0x0000000100000000)
  region size 1024K, 4 young (4096K), 2 survivors (2048K)
 Metaspace       used 2724K, committed 2880K, reserved 1114112K
  class space    used 283K, committed 384K, reserved 1048576K

Heap Regions: E=young(eden), S=young(survivor), O=old, HS=humongous(starts), HC=humongous(continues), CS=collection set, F=free, OA=open archive, CA=closed archive, TAMS=top-at-mark-start, PB=parsable bottom
|   0|0x00000000c1000000, 0x00000000c1000000, 0x00000000c1100000|  0%| F|  |TAMS 0x00000000c1000000| PB 0x00000000c1000000| Untracked 
|   1|0x00000000c1100000, 0x00000000c1100000, 0x00000000c1200000|  0%| F|  |TAMS 0x00000000c1100000| PB 0x00000000c1100000| Untracked 
|   2|0x00000000c1200000, 0x00000000c1200000, 0x00000000c1300000|  0%| F|  |TAMS 0x00000000c1200000| PB 0x00000000c1200000| Untracked 
|   3|0x00000000c1300000, 0x00000000c1300000, 0x00000000c1400000|  0%| F|  |TAMS 0x00000000c1300000| PB 0x00000000c1300000| Untracked 
|   4|0x00000000c1400000, 0x00000000c1400000, 0x00000000c1500000|  0%| F|  |TAMS 0x00000000c1400000| PB 0x00000000c1400000| Untracked 
|   5|0x00000000c1500000, 0x00000000c1500000, 0x00000000c1600000|  0%| F|  |TAMS 0x00000000c1500000| PB 0x00000000c1500000| Untracked 
|   6|0x00000000c1600000, 0x00000000c1600000, 0x00000000c1700000|  0%| F|  |TAMS 0x00000000c1600000| PB 0x00000000c1600000| Untracked 
|   7|0x00000000c1700000, 0x00000000c1700000, 0x00000000c1800000|  0%| F|  |TAMS 0x00000000c1700000| PB 0x00000000c1700000| Untracked 
|   8|0x00000000c1800000, 0x00000000c1800000, 0x00000000c1900000|  0%| F|  |TAMS 0x00000000c1800000| PB 0x00000000c1800000| Untracked 
|   9|0x00000000c1900000, 0x00000000c1900000, 0x00000000c1a00000|  0%| F|  |TAMS 0x00000000c1900000| PB 0x00000000c1900000| Untracked 
|  10|0x00000000c1a00000, 0x00000000c1a00000, 0x00000000c1b00000|  0%| F|  |TAMS 0x00000000c1a00000| PB 0x00000000c1a00000| Untracked 
|  11|0x00000000c1b00000, 0x00000000c1b00000, 0x00000000c1c00000|  0%| F|  |TAMS 0x00000000c1b00000| PB 0x00000000c1b00000| Untracked 
|  12|0x00000000c1c00000, 0x00000000c1c00000, 0x00000000c1d00000|  0%| F|  |TAMS 0x00000000c1c00000| PB 0x00000000c1c00000| Untracked 
|  13|0x00000000c1d00000, 0x00000000c1d00000, 0x00000000c1e00000|  0%| F|  |TAMS 0x00000000c1d00000| PB 0x00000000c1d00000| Untracked 
|  14|0x00000000c1e00000, 0x00000000c1e00000, 0x00000000c1f00000|  0%| F|  |TAMS 0x00000000c1e00000| PB 0x00000000c1e00000| Untracked 
|  15|0x00000000c1f00000, 0x00000000c1f00000, 0x00000000c2000000|  0%| F|  |TAMS 0x00000000c1f00000| PB 0x00000000c1f00000| Untracked 
|  16|0x00000000c2000000, 0x00000000c2000000, 0x00000000c2100000|  0%| F|  |TAMS 0x00000000c2000000| PB 0x00000000c2000000| Untracked 
|  17|0x00000000c2100000, 0x00000000c2100000, 0x00000000c2200000|  0%| F|  |TAMS 0x00000000c2100000| PB 0x00000000c2100000| Untracked 
|  18|0x00000000c2200000, 0x00000000c2200000, 0x00000000c2300000|  0%| F|  |TAMS 0x00000000c2200000| PB 0x00000000c2200000| Untracked 
|  19|0x00000000c2300000, 0x00000000c2300000, 0x00000000c2400000|  0%| F|  |TAMS 0x00000000c2300000| PB 0x00000000c2300000| Untracked 
|  20|0x00000000c2400000, 0x00000000c2400000, 0x00000000c2500000|  0%| F|  |TAMS 0x00000000c2400000| PB 0x00000000c2400000| Untracked 
|  21|0x00000000c2500000, 0x00000000c2500000, 0x00000000c2600000|  0%| F|  |TAMS 0x00000000c2500000| PB 0x00000000c2500000| Untracked 
|  22|0x00000000c2600000, 0x00000000c2600000, 0x00000000c2700000|  0%| F|  |TAMS 0x00000000c2600000| PB 0x00000000c2600000| Untracked 
|  23|0x00000000c2700000, 0x00000000c2700000, 0x00000000c2800000|  0%| F|  |TAMS 0x00000000c2700000| PB 0x00000000c2700000| Untracked 
|  24|0x00000000c2800000, 0x00000000c2800000, 0x00000000c2900000|  0%| F|  |TAMS 0x00000000c2800000| PB 0x00000000c2800000| Untracked 
|  25|0x00000000c2900000, 0x00000000c2900000, 0x00000000c2a00000|  0%| F|  |TAMS 0x00000000c2900000| PB 0x00000000c2900000| Untracked 
|  26|0x00000000c2a00000, 0x00000000c2a00000, 0x00000000c2b00000|  0%| F|  |TAMS 0x00000000c2a00000| PB 0x00000000c2a00000| Untracked 
|  27|0x00000000c2b00000, 0x00000000c2b00000, 0x00000000c2c00000|  0%| F|  |TAMS 0x00000000c2b00000| PB 0x00000000c2b00000| Untracked 
|  28|0x00000000c2c00000, 0x00000000c2c00000, 0x00000000c2d00000|  0%| F|  |TAMS 0x00000000c2c00000| PB 0x00000000c2c00000| Untracked 
|  29|0x00000000c2d00000, 0x00000000c2d00000, 0x00000000c2e00000|  0%| F|  |TAMS 0x00000000c2d00000| PB 0x00000000c2d00000| Untracked 
|  30|0x00000000c2e00000, 0x00000000c2e00000, 0x00000000c2f00000|  0%| F|  |TAMS 0x00000000c2e00000| PB 0x00000000c2e00000| Untracked 
|  31|0x00000000c2f00000, 0x00000000c2f00000, 0x00000000c3000000|  0%| F|  |TAMS 0x00000000c2f00000| PB 0x00000000c2f00000| Untracked 
|  32|0x00000000c3000000, 0x00000000c3000000, 0x00000000c3100000|  0%| F|  |TAMS 0x00000000c3000000| PB 0x00000000c3000000| Untracked 
|  33|0x00000000c3100000, 0x00000000c3100000, 0x00000000c3200000|  0%| F|  |TAMS 0x00000000c3100000| PB 0x00000000c3100000| Untracked 
|  34|0x00000000c3200000, 0x00000000c3200000, 0x00000000c3300000|  0%| F|  |TAMS 0x00000000c3200000| PB 0x00000000c3200000| Untracked 
|  35|0x00000000c3300000, 0x00000000c3300000, 0x00000000c3400000|  0%| F|  |TAMS 0x00000000c3300000| PB 0x00000000c3300000| Untracked 
|  36|0x00000000c3400000, 0x00000000c3400000, 0x00000000c3500000|  0%| F|  |TAMS 0x00000000c3400000| PB 0x00000000c3400000| Untracked 
|  37|0x00000000c3500000, 0x00000000c3500000, 0x00000000c3600000|  0%| F|  |TAMS 0x00000000c3500000| PB 0x00000000c3500000| Untracked 
|  38|0x00000000c3600000, 0x00000000c3600000, 0x00000000c3700000|  0%| F|  |TAMS 0x00000000c3600000| PB 0x00000000c3600000| Untracked 
|  39|0x00000000c3700000, 0x00000000c3700000, 0x00000000c3800000|  0%| F|  |TAMS 0x00000000c3700000| PB 0x00000000c3700000| Untracked 
|  40|0x00000000c3800000, 0x00000000c3800000, 0x00000000c3900000|  0%| F|  |TAMS 0x00000000c3800000| PB 0x00000000c3800000| Untracked 
|  41|0x00000000c3900000, 0x00000000c3900000, 0x00000000c3a00000|  0%| F|  |TAMS 0x00000000c3900000| PB 0x00000000c3900000| Untracked 
|  42|0x00000000c3a00000, 0x00000000c3a00000, 0x00000000c3b00000|  0%| F|  |TAMS 0x00000000c3a00000| PB 0x00000000c3a00000| Untracked 
|  43|0x00000000c3b00000, 0x00000000c3b00000, 0x00000000c3c00000|  0%| F|  |TAMS 0x00000000c3b00000| PB 0x00000000c3b00000| Untracked 
|  44|0x00000000c3c00000, 0x00000000c3c00000, 0x00000000c3d00000|  0%| F|  |TAMS 0x00000000c3c00000| PB 0x00000000c3c00000| Untracked 
|  45|0x00000000c3d00000, 0x00000000c3d00000, 0x00000000c3e00000|  0%| F|  |TAMS 0x00000000c3d00000| PB 0x00000000c3d00000| Untracked 
|  46|0x00000000c3e00000, 0x00000000c3e00000, 0x00000000c3f00000|  0%| F|  |TAMS 0x00000000c3e00000| PB 0x00000000c3e00000| Untracked 
|  47|0x00000000c3f00000, 0x00000000c3f00000, 0x00000000c4000000|  0%| F|  |TAMS 0x00000000c3f00000| PB 0x00000000c3f00000| Untracked 
|  48|0x00000000c4000000, 0x00000000c4000000, 0x00000000c4100000|  0%| F|  |TAMS 0x00000000c4000000| PB 0x00000000c4000000| Untracked 
|  49|0x00000000c4100000, 0x00000000c41ea980, 0x00000000c4200000| 91%| S|CS|TAMS 0x00000000c4100000| PB 0x00000000c4100000| Complete 
|  50|0x00000000c4200000, 0x00000000c4300000, 0x00000000c4300000|100%| S|CS|TAMS 0x00000000c4200000| PB 0x00000000c4200000| Complete 
|  51|0x00000000c4300000, 0x00000000c4300000, 0x00000000c4400000|  0%| F|  |TAMS 0x00000000c4300000| PB 0x00000000c4300000| Untracked 
|  52|0x00000000c4400000, 0x00000000c4400000, 0x00000000c4500000|  0%| F|  |TAMS 0x00000000c4400000| PB 0x00000000c4400000| Untracked 
|  53|0x00000000c4500000, 0x00000000c4500000, 0x00000000c4600000|  0%| F|  |TAMS 0x00000000c4500000| PB 0x00000000c4500000| Untracked 
|  54|0x00000000c4600000, 0x00000000c4600000, 0x00000000c4700000|  0%| F|  |TAMS 0x00000000c4600000| PB 0x00000000c4600000| Untracked 
|  55|0x00000000c4700000, 0x00000000c4700000, 0x00000000c4800000|  0%| F|  |TAMS 0x00000000c4700000| PB 0x00000000c4700000| Untracked 
|  56|0x00000000c4800000, 0x00000000c4800000, 0x00000000c4900000|  0%| F|  |TAMS 0x00000000c4800000| PB 0x00000000c4800000| Untracked 
|  57|0x00000000c4900000, 0x00000000c4900000, 0x00000000c4a00000|  0%| F|  |TAMS 0x00000000c4900000| PB 0x00000000c4900000| Untracked 
|  58|0x00000000c4a00000, 0x00000000c4a00000, 0x00000000c4b00000|  0%| F|  |TAMS 0x00000000c4a00000| PB 0x00000000c4a00000| Untracked 
|  59|0x00000000c4b00000, 0x00000000c4b00000, 0x00000000c4c00000|  0%| F|  |TAMS 0x00000000c4b00000| PB 0x00000000c4b00000| Untracked 
|  60|0x00000000c4c00000, 0x00000000c4c00000, 0x00000000c4d00000|  0%| F|  |TAMS 0x00000000c4c00000| PB 0x00000000c4c00000| Untracked 
|  61|0x00000000c4d00000, 0x00000000c4d00000, 0x00000000c4e00000|  0%| F|  |TAMS 0x00000000c4d00000| PB 0x00000000c4d00000| Untracked 
|  62|0x00000000c4e00000, 0x00000000c4eaccd0, 0x00000000c4f00000| 67%| E|  |TAMS 0x00000000c4e00000| PB 0x00000000c4e00000| Complete 
|  63|0x00000000c4f00000, 0x00000000c5000000, 0x00000000c5000000|100%| E|CS|TAMS 0x00000000c4f00000| PB 0x00000000c4f00000| Complete 

Card table byte_map: [0x000002802a190000,0x000002802a390000] _byte_map_base: 0x0000028029b88000

Marking Bits: (CMBitMap*) 0x0000028012f1c1c0
 Bits: [0x000002802a590000, 0x000002802b550000)

Polling page: 0x00000280126a0000

Metaspace:

Usage:
  Non-class:      2.38 MB used.
      Class:    283.68 KB used.
       Both:      2.66 MB used.

Virtual space:
  Non-class space:       64.00 MB reserved,       2.44 MB (  4%) committed,  1 nodes.
      Class space:        1.00 GB reserved,     384.00 KB ( <1%) committed,  1 nodes.
             Both:        1.06 GB reserved,       2.81 MB ( <1%) committed. 

Chunk freelists:
   Non-Class:  3.50 MB
       Class:  3.63 MB
        Both:  7.13 MB

MaxMetaspaceSize: unlimited
CompressedClassSpaceSize: 1.00 GB
Initial GC threshold: 21.00 MB
Current GC threshold: 21.00 MB
CDS: on
MetaspaceReclaimPolicy: balanced
 - commit_granule_bytes: 65536.
 - commit_granule_words: 8192.
 - virtual_space_node_default_size: 8388608.
 - enlarge_chunks_in_place: 1.
 - new_chunks_are_fully_committed: 0.
 - uncommit_free_chunks: 1.
 - use_allocation_guard: 0.


Internal statistics:

num_allocs_failed_limit: 0.
num_arena_births: 104.
num_arena_deaths: 0.
num_vsnodes_births: 2.
num_vsnodes_deaths: 0.
num_space_committed: 45.
num_space_uncommitted: 0.
num_chunks_returned_to_freelist: 0.
num_chunks_taken_from_freelist: 143.
num_chunk_merges: 0.
num_chunk_splits: 89.
num_chunks_enlarged: 49.
num_inconsistent_stats: 0.

CodeHeap 'non-profiled nmethods': size=120000Kb used=253Kb max_used=253Kb free=119746Kb
 bounds [0x0000028022a60000, 0x0000028022cd0000, 0x0000028029f90000]
CodeHeap 'profiled nmethods': size=120000Kb used=1242Kb max_used=1242Kb free=118757Kb
 bounds [0x000002801af90000, 0x000002801b200000, 0x00000280224c0000]
CodeHeap 'non-nmethods': size=5760Kb used=1396Kb max_used=1409Kb free=4363Kb
 bounds [0x00000280224c0000, 0x0000028022730000, 0x0000028022a60000]
 total_blobs=1268 nmethods=825 adapters=354
 compilation: enabled
              stopped_count=0, restarted_count=0
 full_count=0

Compilation events (20 events):
Event: 1.064 Thread 0x000002802d9d4600  817       3       java.util.Arrays$ArrayItr::hasNext (18 bytes)
Event: 1.064 Thread 0x000002802d9d4600 nmethod 817 0x000002801b0be890 code [0x000002801b0bea20, 0x000002801b0beb98]
Event: 1.065 Thread 0x000002802d9d4600  818       3       java.util.Arrays$ArrayItr::next (36 bytes)
Event: 1.065 Thread 0x000002802d9d4600 nmethod 818 0x000002801b0bec90 code [0x000002801b0bee20, 0x000002801b0bf010]
Event: 1.065 Thread 0x000002802d9d4600  819       3       java.util.concurrent.ConcurrentHashMap$Traverser::advance (188 bytes)
Event: 1.066 Thread 0x000002802d9d4600 nmethod 819 0x000002801b0bf110 code [0x000002801b0bf340, 0x000002801b0bff30]
Event: 1.066 Thread 0x000002802d9d4600  821       3       java.util.concurrent.ConcurrentHashMap$KeyIterator::next (34 bytes)
Event: 1.067 Thread 0x000002802d9d4600 nmethod 821 0x000002801b0c0210 code [0x000002801b0c03c0, 0x000002801b0c0620]
Event: 1.067 Thread 0x000002802d9d4600  820       3       java.util.concurrent.ConcurrentHashMap$BaseIterator::hasNext (13 bytes)
Event: 1.067 Thread 0x000002802d9d4600 nmethod 820 0x000002801b0c0710 code [0x000002801b0c08a0, 0x000002801b0c0a10]
Event: 1.067 Thread 0x000002802d9d4600  824   !   3       java.nio.DirectByteBuffer::get (34 bytes)
Event: 1.069 Thread 0x000002802d9d4600 nmethod 824 0x000002801b0c0a90 code [0x000002801b0c0ce0, 0x000002801b0c1670]
Event: 1.069 Thread 0x000002802d9d4600  825   !   3       java.util.concurrent.ConcurrentHashMap::computeIfAbsent (576 bytes)
Event: 1.073 Thread 0x000002802d9d4600 nmethod 825 0x000002801b0c1b10 code [0x000002801b0c1f20, 0x000002801b0c42c0]
Event: 1.073 Thread 0x000002802d9d4600  828       1       java.lang.Module::getName (5 bytes)
Event: 1.073 Thread 0x000002802d9d4600 nmethod 828 0x0000028022a9ed10 code [0x0000028022a9ee80, 0x0000028022a9ef48]
Event: 1.073 Thread 0x000002802d9d4600  823       1       java.lang.Module::getDescriptor (5 bytes)
Event: 1.074 Thread 0x000002802d9d4600 nmethod 823 0x0000028022a9f010 code [0x0000028022a9f180, 0x0000028022a9f248]
Event: 1.074 Thread 0x000002802d9d4600  827       1       sun.nio.fs.NativeBuffer::setOwner (6 bytes)
Event: 1.074 Thread 0x000002802d9d4600 nmethod 827 0x0000028022a9f310 code [0x0000028022a9f4a0, 0x0000028022a9f5b8]

GC Heap History (2 events):
Event: 1.008 GC heap before
{Heap before GC invocations=0 (full 0):
 garbage-first heap   total 65536K, used 13312K [0x00000000c1000000, 0x0000000100000000)
  region size 1024K, 13 young (13312K), 0 survivors (0K)
 Metaspace       used 2513K, committed 2624K, reserved 1114112K
  class space    used 265K, committed 320K, reserved 1048576K
}
Event: 1.014 GC heap after
{Heap after GC invocations=1 (full 0):
 garbage-first heap   total 65536K, used 1962K [0x00000000c1000000, 0x0000000100000000)
  region size 1024K, 2 young (2048K), 2 survivors (2048K)
 Metaspace       used 2513K, committed 2624K, reserved 1114112K
  class space    used 265K, committed 320K, reserved 1048576K
}

Dll operation events (20 events):
Event: 0.883 Loaded shared library C:\Users\RAFI\.openjfx\cache\20+19\amd64\api-ms-win-core-synch-l1-2-0.dll
Event: 0.888 Loaded shared library C:\Users\RAFI\.openjfx\cache\20+19\amd64\api-ms-win-core-sysinfo-l1-1-0.dll
Event: 0.894 Loaded shared library C:\Users\RAFI\.openjfx\cache\20+19\amd64\api-ms-win-core-timezone-l1-1-0.dll
Event: 0.900 Loaded shared library C:\Users\RAFI\.openjfx\cache\20+19\amd64\api-ms-win-core-util-l1-1-0.dll
Event: 0.907 Loaded shared library C:\Users\RAFI\.openjfx\cache\20+19\amd64\api-ms-win-crt-conio-l1-1-0.dll
Event: 0.914 Loaded shared library C:\Users\RAFI\.openjfx\cache\20+19\amd64\api-ms-win-crt-convert-l1-1-0.dll
Event: 0.922 Loaded shared library C:\Users\RAFI\.openjfx\cache\20+19\amd64\api-ms-win-crt-environment-l1-1-0.dll
Event: 0.930 Loaded shared library C:\Users\RAFI\.openjfx\cache\20+19\amd64\api-ms-win-crt-filesystem-l1-1-0.dll
Event: 0.938 Loaded shared library C:\Users\RAFI\.openjfx\cache\20+19\amd64\api-ms-win-crt-heap-l1-1-0.dll
Event: 0.946 Loaded shared library C:\Users\RAFI\.openjfx\cache\20+19\amd64\api-ms-win-crt-locale-l1-1-0.dll
Event: 0.955 Loaded shared library C:\Users\RAFI\.openjfx\cache\20+19\amd64\api-ms-win-crt-math-l1-1-0.dll
Event: 0.963 Loaded shared library C:\Users\RAFI\.openjfx\cache\20+19\amd64\api-ms-win-crt-multibyte-l1-1-0.dll
Event: 0.977 Loaded shared library C:\Users\RAFI\.openjfx\cache\20+19\amd64\api-ms-win-crt-private-l1-1-0.dll
Event: 0.984 Loaded shared library C:\Users\RAFI\.openjfx\cache\20+19\amd64\api-ms-win-crt-process-l1-1-0.dll
Event: 0.991 Loaded shared library C:\Users\RAFI\.openjfx\cache\20+19\amd64\api-ms-win-crt-runtime-l1-1-0.dll
Event: 0.998 Loaded shared library C:\Users\RAFI\.openjfx\cache\20+19\amd64\api-ms-win-crt-stdio-l1-1-0.dll
Event: 1.005 Loaded shared library C:\Users\RAFI\.openjfx\cache\20+19\amd64\api-ms-win-crt-string-l1-1-0.dll
Event: 1.019 Loaded shared library C:\Users\RAFI\.openjfx\cache\20+19\amd64\api-ms-win-crt-time-l1-1-0.dll
Event: 1.026 Loaded shared library C:\Users\RAFI\.openjfx\cache\20+19\amd64\api-ms-win-crt-utility-l1-1-0.dll
Event: 1.036 Loaded shared library C:\Users\RAFI\.jdks\openjdk-20.0.1\bin\jimage.dll

Deoptimization events (20 events):
Event: 0.516 Thread 0x0000028012edb310 Uncommon trap: trap_request=0xffffff45 fr.pc=0x0000028022a6af6c relative=0x000000000000006c
Event: 0.516 Thread 0x0000028012edb310 Uncommon trap: reason=unstable_if action=reinterpret pc=0x0000028022a6af6c method=java.lang.String.isLatin1()Z @ 10 c2
Event: 0.516 Thread 0x0000028012edb310 DEOPT PACKING pc=0x0000028022a6af6c sp=0x0000009489bfe2d0
Event: 0.516 Thread 0x0000028012edb310 DEOPT UNPACKING pc=0x0000028022529d22 sp=0x0000009489bfe260 mode 2
Event: 0.517 Thread 0x0000028012edb310 Uncommon trap: trap_request=0xffffff45 fr.pc=0x0000028022a6c5b0 relative=0x00000000000000b0
Event: 0.517 Thread 0x0000028012edb310 Uncommon trap: reason=unstable_if action=reinterpret pc=0x0000028022a6c5b0 method=java.lang.String.isLatin1()Z @ 10 c2
Event: 0.517 Thread 0x0000028012edb310 DEOPT PACKING pc=0x0000028022a6c5b0 sp=0x0000009489bfece0
Event: 0.517 Thread 0x0000028012edb310 DEOPT UNPACKING pc=0x0000028022529d22 sp=0x0000009489bfec20 mode 2
Event: 0.646 Thread 0x0000028012edb310 Uncommon trap: trap_request=0xffffff45 fr.pc=0x0000028022a72818 relative=0x00000000000005f8
Event: 0.646 Thread 0x0000028012edb310 Uncommon trap: reason=unstable_if action=reinterpret pc=0x0000028022a72818 method=jdk.internal.module.Checks.isJavaIdentifier(Ljava/lang/String;)Z @ 4 c2
Event: 0.646 Thread 0x0000028012edb310 DEOPT PACKING pc=0x0000028022a72818 sp=0x0000009489bfe670
Event: 0.646 Thread 0x0000028012edb310 DEOPT UNPACKING pc=0x0000028022529d22 sp=0x0000009489bfe610 mode 2
Event: 0.679 Thread 0x0000028012edb310 Uncommon trap: trap_request=0xffffff45 fr.pc=0x0000028022a81174 relative=0x0000000000000d54
Event: 0.679 Thread 0x0000028012edb310 Uncommon trap: reason=unstable_if action=reinterpret pc=0x0000028022a81174 method=java.util.HashMap.putVal(ILjava/lang/Object;Ljava/lang/Object;ZZ)Ljava/lang/Object; @ 193 c2
Event: 0.680 Thread 0x0000028012edb310 DEOPT PACKING pc=0x0000028022a81174 sp=0x0000009489bfe2e0
Event: 0.680 Thread 0x0000028012edb310 DEOPT UNPACKING pc=0x0000028022529d22 sp=0x0000009489bfe290 mode 2
Event: 1.054 Thread 0x000002802d9c4c80 Uncommon trap: trap_request=0xffffff45 fr.pc=0x0000028022a71684 relative=0x0000000000000104
Event: 1.054 Thread 0x000002802d9c4c80 Uncommon trap: reason=unstable_if action=reinterpret pc=0x0000028022a71684 method=java.lang.StringLatin1.lastIndexOf([BI[BII)I @ 86 c2
Event: 1.054 Thread 0x000002802d9c4c80 DEOPT PACKING pc=0x0000028022a71684 sp=0x000000948a5fe1c0
Event: 1.054 Thread 0x000002802d9c4c80 DEOPT UNPACKING pc=0x0000028022529d22 sp=0x000000948a5fe118 mode 2

Classes loaded (20 events):
Event: 1.058 Loading class java/time/zone/ZoneRulesProvider
Event: 1.058 Loading class java/time/zone/ZoneRulesProvider done
Event: 1.058 Loading class java/time/zone/ZoneRulesProvider$1
Event: 1.058 Loading class java/time/zone/ZoneRulesProvider$1 done
Event: 1.058 Loading class java/time/zone/TzdbZoneRulesProvider
Event: 1.059 Loading class java/time/zone/TzdbZoneRulesProvider done
Event: 1.070 Loading class java/util/zip/DataFormatException
Event: 1.070 Loading class java/util/zip/DataFormatException done
Event: 1.071 Loading class java/security/PrivilegedActionException
Event: 1.071 Loading class java/security/PrivilegedActionException done
Event: 1.071 Loading class java/util/ServiceConfigurationError
Event: 1.071 Loading class java/util/ServiceConfigurationError done
Event: 1.072 Loading class java/lang/StackTraceElement$HashedModules
Event: 1.072 Loading class java/lang/StackTraceElement$HashedModules done
Event: 1.072 Loading class java/lang/ExceptionInInitializerError
Event: 1.072 Loading class java/lang/ExceptionInInitializerError done
Event: 1.072 Loading class java/time/zone/ZoneRulesException
Event: 1.072 Loading class java/time/DateTimeException
Event: 1.073 Loading class java/time/DateTimeException done
Event: 1.073 Loading class java/time/zone/ZoneRulesException done

Classes unloaded (0 events):
No events

Classes redefined (0 events):
No events

Internal exceptions (14 events):
Event: 0.266 Thread 0x0000028012edb310 Exception <a 'java/lang/NoSuchMethodError'{0x00000000c4d6d2d8}: 'void java.lang.invoke.DirectMethodHandle$Holder.invokeSpecial(java.lang.Object, java.lang.Object, java.lang.Object)'> (0x00000000c4d6d2d8) 
thrown [s\open\src\hotspot\share\interpreter\linkResolver.cpp, line 773]
Event: 0.357 Thread 0x0000028012edb310 Exception <a 'java/lang/NoSuchMethodError'{0x00000000c4afbae0}: 'void java.lang.invoke.DirectMethodHandle$Holder.invokeVirtual(java.lang.Object, java.lang.Object)'> (0x00000000c4afbae0) 
thrown [s\open\src\hotspot\share\interpreter\linkResolver.cpp, line 773]
Event: 0.361 Thread 0x0000028012edb310 Exception <a 'java/lang/NoSuchMethodError'{0x00000000c4907950}: 'java.lang.Object java.lang.invoke.DirectMethodHandle$Holder.invokeInterface(java.lang.Object, java.lang.Object, java.lang.Object)'> (0x00000000c4907950) 
thrown [s\open\src\hotspot\share\interpreter\linkResolver.cpp, line 773]
Event: 0.428 Thread 0x0000028012edb310 Exception <a 'java/lang/NoSuchMethodError'{0x00000000c49d1328}: 'void java.lang.invoke.DirectMethodHandle$Holder.invokeSpecial(java.lang.Object, java.lang.Object, java.lang.Object, java.lang.Object, java.lang.Object)'> (0x00000000c49d1328) 
thrown [s\open\src\hotspot\share\interpreter\linkResolver.cpp, line 773]
Event: 0.449 Thread 0x0000028012edb310 Exception <a 'java/lang/NoSuchMethodError'{0x00000000c49e7cd8}: 'java.lang.Object java.lang.invoke.DirectMethodHandle$Holder.invokeInterface(java.lang.Object, java.lang.Object)'> (0x00000000c49e7cd8) 
thrown [s\open\src\hotspot\share\interpreter\linkResolver.cpp, line 773]
Event: 0.450 Thread 0x0000028012edb310 Exception <a 'java/lang/IncompatibleClassChangeError'{0x00000000c49eaf40}: Found class java.lang.Object, but interface was expected> (0x00000000c49eaf40) 
thrown [s\open\src\hotspot\share\interpreter\linkResolver.cpp, line 840]
Event: 0.453 Thread 0x0000028012edb310 Exception <a 'java/lang/NoSuchMethodError'{0x00000000c49edd70}: 'void java.lang.invoke.DirectMethodHandle$Holder.invokeStatic(java.lang.Object, java.lang.Object, java.lang.Object, java.lang.Object)'> (0x00000000c49edd70) 
thrown [s\open\src\hotspot\share\interpreter\linkResolver.cpp, line 773]
Event: 0.501 Thread 0x0000028012edb310 Exception <a 'java/lang/NoSuchMethodError'{0x00000000c488dfb8}: 'void java.lang.invoke.DirectMethodHandle$Holder.invokeStatic(java.lang.Object, java.lang.Object, java.lang.Object)'> (0x00000000c488dfb8) 
thrown [s\open\src\hotspot\share\interpreter\linkResolver.cpp, line 773]
Event: 0.508 Thread 0x0000028012edb310 Exception <a 'java/lang/NoSuchMethodError'{0x00000000c48a3c10}: 'java.lang.Object java.lang.invoke.Invokers$Holder.invokeExact_MT(java.lang.Object, java.lang.Object, java.lang.Object, java.lang.Object, java.lang.Object)'> (0x00000000c48a3c10) 
thrown [s\open\src\hotspot\share\interpreter\linkResolver.cpp, line 773]
Event: 0.527 Thread 0x0000028031e66060 Exception <a 'java/lang/ClassNotFoundException'{0x00000000c48cc8d8}: jdk/net/ExtendedSocketOptions> (0x00000000c48cc8d8) 
thrown [s\open\src\hotspot\share\classfile\systemDictionary.cpp, line 305]
Event: 0.529 Thread 0x0000028031e66060 Exception <a 'java/lang/NoSuchMethodError'{0x00000000c48ce250}: 'void java.lang.invoke.DirectMethodHandle$Holder.invokeStatic(java.lang.Object, java.lang.Object)'> (0x00000000c48ce250) 
thrown [s\open\src\hotspot\share\interpreter\linkResolver.cpp, line 773]
Event: 0.540 Thread 0x0000028012edb310 Exception <a 'java/lang/NoSuchMethodError'{0x00000000c477db98}: 'java.lang.Object java.lang.invoke.Invokers$Holder.invokeExact_MT(java.lang.Object, java.lang.Object, java.lang.Object, java.lang.Object, java.lang.Object, java.lang.Object)'> (0x00000000c477db98) 
thrown [s\open\src\hotspot\share\interpreter\linkResolver.cpp, line 773]
Event: 1.070 Thread 0x000002802d9c4c80 Exception <a 'java/lang/OutOfMemoryError'{0x00000000c4e76b10}> (0x00000000c4e76b10) 
thrown [s\open\src\hotspot\share\prims\jni.cpp, line 538]
Event: 1.072 Thread 0x000002802d9c4c80 Exception <a 'java/lang/OutOfMemoryError'{0x00000000c4e76b10}> (0x00000000c4e76b10) 
thrown [s\open\src\hotspot\share\oops\instanceKlass.cpp, line 1160]

VM Operations (6 events):
Event: 0.435 Executing VM operation: HandshakeAllThreads
Event: 0.435 Executing VM operation: HandshakeAllThreads done
Event: 0.520 Executing VM operation: HandshakeAllThreads
Event: 0.520 Executing VM operation: HandshakeAllThreads done
Event: 1.008 Executing VM operation: G1CollectForAllocation
Event: 1.015 Executing VM operation: G1CollectForAllocation done

Events (12 events):
Event: 0.040 Thread 0x0000028012edb310 Thread added: 0x0000028012edb310
Event: 0.067 Thread 0x000002802d9bdfc0 Thread added: 0x000002802d9bdfc0
Event: 0.067 Thread 0x000002802d9beca0 Thread added: 0x000002802d9beca0
Event: 0.068 Thread 0x000002802d9c2330 Thread added: 0x000002802d9c2330
Event: 0.068 Thread 0x000002802d9c4c80 Thread added: 0x000002802d9c4c80
Event: 0.068 Thread 0x000002802d9c5760 Thread added: 0x000002802d9c5760
Event: 0.068 Thread 0x000002802d9c6370 Thread added: 0x000002802d9c6370
Event: 0.068 Thread 0x000002802d9c8a00 Thread added: 0x000002802d9c8a00
Event: 0.069 Thread 0x000002802d9d4600 Thread added: 0x000002802d9d4600
Event: 0.159 Thread 0x0000028012f8c4f0 Thread added: 0x0000028012f8c4f0
Event: 0.515 Thread 0x0000028031e66060 Thread added: 0x0000028031e66060
Event: 0.515 Thread 0x0000028031e96630 Thread added: 0x0000028031e96630


Dynamic libraries:
0x00007ff72ff60000 - 0x00007ff72ff6e000 	C:\Users\RAFI\.jdks\openjdk-20.0.1\bin\java.exe
0x00007ff9ca610000 - 0x00007ff9ca824000 	C:\Windows\SYSTEM32\ntdll.dll
0x00007ff9c9e40000 - 0x00007ff9c9f02000 	C:\Windows\System32\KERNEL32.DLL
0x00007ff9c7cc0000 - 0x00007ff9c8063000 	C:\Windows\System32\KERNELBASE.dll
0x00007ff9c8070000 - 0x00007ff9c8181000 	C:\Windows\System32\ucrtbase.dll
0x00007ff9af190000 - 0x00007ff9af1ab000 	C:\Users\RAFI\.jdks\openjdk-20.0.1\bin\VCRUNTIME140.dll
0x00007ff9af220000 - 0x00007ff9af237000 	C:\Users\RAFI\.jdks\openjdk-20.0.1\bin\jli.dll
0x00007ff9c9b70000 - 0x00007ff9c9d1b000 	C:\Windows\System32\USER32.dll
0x00007ff9be3c0000 - 0x00007ff9be64e000 	C:\Windows\WinSxS\amd64_microsoft.windows.common-controls_6595b64144ccf1df_6.0.22621.1635_none_270f70857386168e\COMCTL32.dll
0x00007ff9c8300000 - 0x00007ff9c8326000 	C:\Windows\System32\win32u.dll
0x00007ff9ca170000 - 0x00007ff9ca217000 	C:\Windows\System32\msvcrt.dll
0x00007ff9ca2d0000 - 0x00007ff9ca2f9000 	C:\Windows\System32\GDI32.dll
0x00007ff9c7a90000 - 0x00007ff9c7ba9000 	C:\Windows\System32\gdi32full.dll
0x00007ff9c7bb0000 - 0x00007ff9c7c4a000 	C:\Windows\System32\msvcp_win.dll
0x00007ff9c8c10000 - 0x00007ff9c8c41000 	C:\Windows\System32\IMM32.DLL
0x00007ff9be9f0000 - 0x00007ff9be9fc000 	C:\Users\RAFI\.jdks\openjdk-20.0.1\bin\vcruntime140_1.dll
0x00007ff9a2c20000 - 0x00007ff9a2cae000 	C:\Users\RAFI\.jdks\openjdk-20.0.1\bin\msvcp140.dll
0x00007ff98b8c0000 - 0x00007ff98c557000 	C:\Users\RAFI\.jdks\openjdk-20.0.1\bin\server\jvm.dll
0x00007ff9ca460000 - 0x00007ff9ca50e000 	C:\Windows\System32\ADVAPI32.dll
0x00007ff9c9510000 - 0x00007ff9c95b4000 	C:\Windows\System32\sechost.dll
0x00007ff9c9d20000 - 0x00007ff9c9e37000 	C:\Windows\System32\RPCRT4.dll
0x00007ff9b59b0000 - 0x00007ff9b59b9000 	C:\Windows\SYSTEM32\WSOCK32.dll
0x00007ff9ca300000 - 0x00007ff9ca371000 	C:\Windows\System32\WS2_32.dll
0x00007ff9c1740000 - 0x00007ff9c1774000 	C:\Windows\SYSTEM32\WINMM.dll
0x00007ff9bfe30000 - 0x00007ff9bfe3a000 	C:\Windows\SYSTEM32\VERSION.dll
0x00007ff9c6b10000 - 0x00007ff9c6b28000 	C:\Windows\SYSTEM32\kernel.appcore.dll
0x00007ff9b5320000 - 0x00007ff9b532a000 	C:\Users\RAFI\.jdks\openjdk-20.0.1\bin\jimage.dll
0x00007ff9b4830000 - 0x00007ff9b4a5e000 	C:\Windows\SYSTEM32\DBGHELP.DLL
0x00007ff9c8df0000 - 0x00007ff9c9179000 	C:\Windows\System32\combase.dll
0x00007ff9c9f10000 - 0x00007ff9c9fe7000 	C:\Windows\System32\OLEAUT32.dll
0x00007ff9b42c0000 - 0x00007ff9b42f2000 	C:\Windows\SYSTEM32\dbgcore.DLL
0x00007ff9c7a10000 - 0x00007ff9c7a8b000 	C:\Windows\System32\bcryptPrimitives.dll
0x00007ff9c1780000 - 0x00007ff9c178e000 	C:\Users\RAFI\.jdks\openjdk-20.0.1\bin\instrument.dll
0x00007ff9a2500000 - 0x00007ff9a2526000 	C:\Users\RAFI\.jdks\openjdk-20.0.1\bin\java.dll
0x00007ff9a2a60000 - 0x00007ff9a2b37000 	C:\Users\RAFI\.jdks\openjdk-20.0.1\bin\jsvml.dll
0x00007ff9c83f0000 - 0x00007ff9c8bea000 	C:\Windows\System32\SHELL32.dll
0x00007ff9c59d0000 - 0x00007ff9c629e000 	C:\Windows\SYSTEM32\windows.storage.dll
0x00007ff9c5890000 - 0x00007ff9c59ce000 	C:\Windows\SYSTEM32\wintypes.dll
0x00007ff9c8ce0000 - 0x00007ff9c8dd1000 	C:\Windows\System32\SHCORE.dll
0x00007ff9ca270000 - 0x00007ff9ca2ce000 	C:\Windows\System32\shlwapi.dll
0x00007ff9c7940000 - 0x00007ff9c7961000 	C:\Windows\SYSTEM32\profapi.dll
0x00007ff9af170000 - 0x00007ff9af183000 	C:\Users\RAFI\.jdks\openjdk-20.0.1\bin\net.dll
0x00007ff9c0e00000 - 0x00007ff9c0f37000 	C:\Windows\SYSTEM32\WINHTTP.dll
0x00007ff9c6f70000 - 0x00007ff9c6fd9000 	C:\Windows\system32\mswsock.dll
0x00007ff9a2a40000 - 0x00007ff9a2a56000 	C:\Users\RAFI\.jdks\openjdk-20.0.1\bin\nio.dll
0x00007ff9a2a20000 - 0x00007ff9a2a38000 	C:\Users\RAFI\.jdks\openjdk-20.0.1\bin\zip.dll
0x00007ff9bea00000 - 0x00007ff9bea1a000 	C:\Program Files\JetBrains\IntelliJ IDEA 2023.1.2\bin\breakgen64.dll
0x0000028012e50000 - 0x0000028012e53000 	C:\Users\RAFI\.openjfx\cache\20+19\amd64\api-ms-win-core-console-l1-1-0.dll
0x0000028012e60000 - 0x0000028012e63000 	C:\Users\RAFI\.openjfx\cache\20+19\amd64\api-ms-win-core-console-l1-2-0.dll
0x0000028012e70000 - 0x0000028012e73000 	C:\Users\RAFI\.openjfx\cache\20+19\amd64\api-ms-win-core-datetime-l1-1-0.dll
0x0000028012e80000 - 0x0000028012e83000 	C:\Users\RAFI\.openjfx\cache\20+19\amd64\api-ms-win-core-debug-l1-1-0.dll
0x0000028012e90000 - 0x0000028012e93000 	C:\Users\RAFI\.openjfx\cache\20+19\amd64\api-ms-win-core-errorhandling-l1-1-0.dll
0x000002802db80000 - 0x000002802db84000 	C:\Users\RAFI\.openjfx\cache\20+19\amd64\api-ms-win-core-file-l1-1-0.dll
0x000002802db90000 - 0x000002802db93000 	C:\Users\RAFI\.openjfx\cache\20+19\amd64\api-ms-win-core-file-l1-2-0.dll
0x000002802dba0000 - 0x000002802dba3000 	C:\Users\RAFI\.openjfx\cache\20+19\amd64\api-ms-win-core-file-l2-1-0.dll
0x000002802dbb0000 - 0x000002802dbb3000 	C:\Users\RAFI\.openjfx\cache\20+19\amd64\api-ms-win-core-handle-l1-1-0.dll
0x000002802dbc0000 - 0x000002802dbc3000 	C:\Users\RAFI\.openjfx\cache\20+19\amd64\api-ms-win-core-heap-l1-1-0.dll
0x000002802dbd0000 - 0x000002802dbd3000 	C:\Users\RAFI\.openjfx\cache\20+19\amd64\api-ms-win-core-interlocked-l1-1-0.dll
0x000002802dbe0000 - 0x000002802dbe3000 	C:\Users\RAFI\.openjfx\cache\20+19\amd64\api-ms-win-core-libraryloader-l1-1-0.dll
0x000002802dbf0000 - 0x000002802dbf3000 	C:\Users\RAFI\.openjfx\cache\20+19\amd64\api-ms-win-core-localization-l1-2-0.dll
0x0000028032800000 - 0x0000028032803000 	C:\Users\RAFI\.openjfx\cache\20+19\amd64\api-ms-win-core-memory-l1-1-0.dll
0x0000028032810000 - 0x0000028032813000 	C:\Users\RAFI\.openjfx\cache\20+19\amd64\api-ms-win-core-namedpipe-l1-1-0.dll
0x0000028032820000 - 0x0000028032823000 	C:\Users\RAFI\.openjfx\cache\20+19\amd64\api-ms-win-core-processenvironment-l1-1-0.dll
0x0000028032830000 - 0x0000028032833000 	C:\Users\RAFI\.openjfx\cache\20+19\amd64\api-ms-win-core-processthreads-l1-1-0.dll
0x0000028032840000 - 0x0000028032843000 	C:\Users\RAFI\.openjfx\cache\20+19\amd64\api-ms-win-core-processthreads-l1-1-1.dll
0x0000028032850000 - 0x0000028032853000 	C:\Users\RAFI\.openjfx\cache\20+19\amd64\api-ms-win-core-profile-l1-1-0.dll
0x0000028032860000 - 0x0000028032863000 	C:\Users\RAFI\.openjfx\cache\20+19\amd64\api-ms-win-core-rtlsupport-l1-1-0.dll
0x0000028032870000 - 0x0000028032873000 	C:\Users\RAFI\.openjfx\cache\20+19\amd64\api-ms-win-core-string-l1-1-0.dll
0x0000028032880000 - 0x0000028032883000 	C:\Users\RAFI\.openjfx\cache\20+19\amd64\api-ms-win-core-synch-l1-1-0.dll
0x0000028032890000 - 0x0000028032893000 	C:\Users\RAFI\.openjfx\cache\20+19\amd64\api-ms-win-core-synch-l1-2-0.dll
0x00000280328a0000 - 0x00000280328a3000 	C:\Users\RAFI\.openjfx\cache\20+19\amd64\api-ms-win-core-sysinfo-l1-1-0.dll
0x00000280328b0000 - 0x00000280328b3000 	C:\Users\RAFI\.openjfx\cache\20+19\amd64\api-ms-win-core-timezone-l1-1-0.dll
0x00000280328c0000 - 0x00000280328c3000 	C:\Users\RAFI\.openjfx\cache\20+19\amd64\api-ms-win-core-util-l1-1-0.dll
0x00000280328d0000 - 0x00000280328d3000 	C:\Users\RAFI\.openjfx\cache\20+19\amd64\api-ms-win-crt-conio-l1-1-0.dll
0x00000280328e0000 - 0x00000280328e4000 	C:\Users\RAFI\.openjfx\cache\20+19\amd64\api-ms-win-crt-convert-l1-1-0.dll
0x00000280328f0000 - 0x00000280328f3000 	C:\Users\RAFI\.openjfx\cache\20+19\amd64\api-ms-win-crt-environment-l1-1-0.dll
0x0000028032900000 - 0x0000028032903000 	C:\Users\RAFI\.openjfx\cache\20+19\amd64\api-ms-win-crt-filesystem-l1-1-0.dll
0x0000028032910000 - 0x0000028032913000 	C:\Users\RAFI\.openjfx\cache\20+19\amd64\api-ms-win-crt-heap-l1-1-0.dll
0x0000028032920000 - 0x0000028032923000 	C:\Users\RAFI\.openjfx\cache\20+19\amd64\api-ms-win-crt-locale-l1-1-0.dll
0x0000028032930000 - 0x0000028032935000 	C:\Users\RAFI\.openjfx\cache\20+19\amd64\api-ms-win-crt-math-l1-1-0.dll
0x0000028032940000 - 0x0000028032945000 	C:\Users\RAFI\.openjfx\cache\20+19\amd64\api-ms-win-crt-multibyte-l1-1-0.dll
0x0000028032950000 - 0x0000028032960000 	C:\Users\RAFI\.openjfx\cache\20+19\amd64\api-ms-win-crt-private-l1-1-0.dll
0x0000028032960000 - 0x0000028032963000 	C:\Users\RAFI\.openjfx\cache\20+19\amd64\api-ms-win-crt-process-l1-1-0.dll
0x0000028032970000 - 0x0000028032974000 	C:\Users\RAFI\.openjfx\cache\20+19\amd64\api-ms-win-crt-runtime-l1-1-0.dll
0x0000028032980000 - 0x0000028032984000 	C:\Users\RAFI\.openjfx\cache\20+19\amd64\api-ms-win-crt-stdio-l1-1-0.dll
0x0000028032990000 - 0x0000028032994000 	C:\Users\RAFI\.openjfx\cache\20+19\amd64\api-ms-win-crt-string-l1-1-0.dll
0x00000280329a0000 - 0x00000280329a3000 	C:\Users\RAFI\.openjfx\cache\20+19\amd64\api-ms-win-crt-time-l1-1-0.dll
0x00000280329b0000 - 0x00000280329b3000 	C:\Users\RAFI\.openjfx\cache\20+19\amd64\api-ms-win-crt-utility-l1-1-0.dll
0x00007ff9a4b80000 - 0x00007ff9a4c7c000 	C:\Users\RAFI\.openjfx\cache\20+19\amd64\ucrtbase.dll
0x00007ff9bd060000 - 0x00007ff9bd07b000 	C:\Users\RAFI\.openjfx\cache\20+19\amd64\vcruntime140.dll

dbghelp: loaded successfully - version: 4.0.5 - missing functions: none
symbol engine: initialized successfully - sym options: 0x614 - pdb path: .;C:\Users\RAFI\.jdks\openjdk-20.0.1\bin;C:\Windows\SYSTEM32;C:\Windows\WinSxS\amd64_microsoft.windows.common-controls_6595b64144ccf1df_6.0.22621.1635_none_270f70857386168e;C:\Users\RAFI\.jdks\openjdk-20.0.1\bin\server;C:\Program Files\JetBrains\IntelliJ IDEA 2023.1.2\bin;C:\Users\RAFI\.openjfx\cache\20+19\amd64

VM Arguments:
jvm_args: -javaagent:C:\Program Files\JetBrains\IntelliJ IDEA 2023.1.2\lib\idea_rt.jar=54879:C:\Program Files\JetBrains\IntelliJ IDEA 2023.1.2\bin -Dfile.encoding=UTF-8 -Dsun.stdout.encoding=UTF-8 -Dsun.stderr.encoding=UTF-8 --module-path=C:\Users\RAFI\.m2\repository\mysql\mysql-connector-java\8.0.26\mysql-connector-java-8.0.26.jar;C:\Users\RAFI\.m2\repository\org\openjfx\javafx-graphics\20\javafx-graphics-20-win.jar;C:\Users\RAFI\.m2\repository\org\openjfx\javafx-controls\20\javafx-controls-20-win.jar;C:\Users\RAFI\IdeaProjects\consultationSheetApp\target\classes;C:\Users\RAFI\.m2\repository\org\openjfx\javafx-fxml\20\javafx-fxml-20-win.jar;C:\Users\RAFI\.m2\repository\org\openjfx\javafx-base\20\javafx-base-20-win.jar -Djdk.module.main=emr.consultationsheetapp 
java_command: emr.consultationsheetapp/emr.consultationsheetapp.App
java_class_path (initial): C:\Users\RAFI\.m2\repository\org\openjfx\javafx-controls\20\javafx-controls-20.jar;C:\Users\RAFI\.m2\repository\org\openjfx\javafx-graphics\20\javafx-graphics-20.jar;C:\Users\RAFI\.m2\repository\org\openjfx\javafx-base\20\javafx-base-20.jar;C:\Users\RAFI\.m2\repository\org\openjfx\javafx-fxml\20\javafx-fxml-20.jar;C:\Users\RAFI\.m2\repository\com\google\protobuf\protobuf-java\3.11.4\protobuf-java-3.11.4.jar
Launcher Type: SUN_STANDARD

[Global flags]
     intx CICompilerCount                          = 3                                         {product} {ergonomic}
     uint ConcGCThreads                            = 1                                         {product} {ergonomic}
     uint G1ConcRefinementThreads                  = 4                                         {product} {ergonomic}
   size_t G1HeapRegionSize                         = 1048576                                   {product} {ergonomic}
    uintx GCDrainStackTargetSize                   = 64                                        {product} {ergonomic}
   size_t InitialHeapSize                          = 67108864                                  {product} {ergonomic}
   size_t MarkStackSize                            = 4194304                                   {product} {ergonomic}
   size_t MaxHeapSize                              = 1056964608                                {product} {ergonomic}
   size_t MaxNewSize                               = 633339904                                 {product} {ergonomic}
   size_t MinHeapDeltaBytes                        = 1048576                                   {product} {ergonomic}
   size_t MinHeapSize                              = 8388608                                   {product} {ergonomic}
    uintx NonNMethodCodeHeapSize                   = 5832780                                {pd product} {ergonomic}
    uintx NonProfiledCodeHeapSize                  = 122912730                              {pd product} {ergonomic}
    uintx ProfiledCodeHeapSize                     = 122912730                              {pd product} {ergonomic}
    uintx ReservedCodeCacheSize                    = 251658240                              {pd product} {ergonomic}
     bool SegmentedCodeCache                       = true                                      {product} {ergonomic}
   size_t SoftMaxHeapSize                          = 1056964608                             {manageable} {ergonomic}
     bool UseCompressedClassPointers               = true                           {product lp64_product} {ergonomic}
     bool UseCompressedOops                        = true                           {product lp64_product} {ergonomic}
     bool UseG1GC                                  = true                                      {product} {ergonomic}
     bool UseLargePagesIndividualAllocation        = false                                  {pd product} {ergonomic}

Logging:
Log output configuration:
 #0: stdout all=warning uptime,level,tags foldmultilines=false
 #1: stderr all=off uptime,level,tags foldmultilines=false

Environment Variables:
PATH=C:\Python311\Scripts\;C:\Python311\;C:\Program Files (x86)\Common Files\Oracle\Java\javapath;C:\Windows\system32;C:\Windows;C:\Windows\System32\Wbem;C:\Windows\System32\WindowsPowerShell\v1.0\;C:\Windows\System32\OpenSSH\;C:\ProgramData\chocolatey\bin;C:\Program Files\nodejs\;C:\Program Files\NVIDIA Corporation\NVIDIA NvDLISR;C:\Program Files\Git\cmd;C:\Program Files\PostgreSQL\15\bin;C:\Program Files\MySQL\MySQL Shell 8.0\bin\;C:\Users\RAFI\AppData\Local\Microsoft\WindowsApps;C:\Users\RAFI\AppData\Local\Programs\Microsoft VS Code\bin;C:\Program Files\JetBrains\IntelliJ IDEA 2022.3.2\bin;;C:\Users\RAFI\AppData\Roaming\npm;C:\Program Files\JetBrains\IntelliJ IDEA Community Edition 2023.1.1\bin;
USERNAME=RAFI
OS=Windows_NT
PROCESSOR_IDENTIFIER=Intel64 Family 6 Model 69 Stepping 1, GenuineIntel
TMP=C:\Users\RAFI\AppData\Local\Temp
TEMP=C:\Users\RAFI\AppData\Local\Temp




---------------  S Y S T E M  ---------------

OS:
 Windows 11 , 64 bit Build 22621 (10.0.22621.1778)
OS uptime: 0 days 11:46 hours
Hyper-V role detected

CPU: total 4 (initial active 4) (2 cores per cpu, 2 threads per core) family 6 model 69 stepping 1 microcode 0x26, cx8, cmov, fxsr, ht, mmx, sse, sse2, sse3, ssse3, sse4.1, sse4.2, popcnt, lzcnt, tsc, tscinvbit, avx, avx2, aes, erms, clmul, bmi1, bmi2, fma, vzeroupper, clflush, hv, rdtscp, f16c

Memory: 4k page, system-wide physical 4026M (224M free)
TotalPageFile size 16314M (AvailPageFile size 3M)
current process WorkingSet (physical memory assigned to process): 58M, peak: 58M
current process commit charge ("private bytes"): 143M, peak: 143M

vm_info: OpenJDK 64-Bit Server VM (20.0.1+9-29) for windows-amd64 JRE (20.0.1+9-29), built on 2023-03-07T13:56:11Z by "mach5one" with MS VC++ 17.1 (VS2022)

END.
