#
# There is insufficient memory for the Java Runtime Environment to continue.
# Native memory allocation (malloc) failed to allocate 32744 bytes for Chunk::new
# Possible reasons:
#   The system is out of physical RAM or swap space
#   The process is running with CompressedOops enabled, and the Java Heap may be blocking the growth of the native heap
# Possible solutions:
#   Reduce memory load on the system
#   Increase physical memory or swap space
#   Check if swap backing store is full
#   Decrease Java heap size (-Xmx/-Xms)
#   Decrease number of Java threads
#   Decrease Java thread stack sizes (-Xss)
#   Set larger code cache with -XX:ReservedCodeCacheSize=
#   JVM is running with Unscaled Compressed Oops mode in which the Java heap is
#     placed in the first 4GB address space. The Java Heap base address is the
#     maximum limit for the native heap growth. Please use -XX:HeapBaseMinAddress
#     to set the Java Heap base and to place the Java Heap above 4GB virtual address.
# This output file may be truncated or incomplete.
#
#  Out of Memory Error (arena.cpp:184), pid=6808, tid=8032
#
# JRE version: OpenJDK Runtime Environment (20.0.1+9) (build 20.0.1+9-29)
# Java VM: OpenJDK 64-Bit Server VM (20.0.1+9-29, mixed mode, tiered, compressed oops, compressed class ptrs, g1 gc, windows-amd64)
# No core dump will be written. Minidumps are not enabled by default on client versions of Windows
#

---------------  S U M M A R Y ------------

Command Line: -javaagent:C:\Program Files\JetBrains\IntelliJ IDEA 2023.1.2\lib\idea_rt.jar=55601:C:\Program Files\JetBrains\IntelliJ IDEA 2023.1.2\bin -Dfile.encoding=UTF-8 -Dsun.stdout.encoding=UTF-8 -Dsun.stderr.encoding=UTF-8 --module-path=C:\Users\RAFI\.m2\repository\mysql\mysql-connector-java\8.0.26\mysql-connector-java-8.0.26.jar;C:\Users\RAFI\.m2\repository\org\openjfx\javafx-base\20\javafx-base-20-win.jar;C:\Users\RAFI\.m2\repository\org\openjfx\javafx-fxml\20\javafx-fxml-20-win.jar;C:\Users\RAFI\.m2\repository\org\openjfx\javafx-controls\20\javafx-controls-20-win.jar;C:\Users\RAFI\IdeaProjects\consultationSheetApp\target\classes;C:\Users\RAFI\.m2\repository\org\openjfx\javafx-graphics\20\javafx-graphics-20-win.jar -Djdk.module.main=emr.consultationsheetapp emr.consultationsheetapp/emr.consultationsheetapp.App

Host: Intel(R) Core(TM) i5-4200U CPU @ 1.60GHz, 4 cores, 3G,  Windows 11 , 64 bit Build 22621 (10.0.22621.1778)
Time: Wed Jun 21 21:35:09 2023 Malay Peninsula Standard Time elapsed time: 0.250995 seconds (0d 0h 0m 0s)

---------------  T H R E A D  ---------------

Current thread (0x000001b27fadbf50):  JavaThread "main" [_thread_in_vm, id=8032, stack(0x000000779ec00000,0x000000779ed00000)]

Stack: [0x000000779ec00000,0x000000779ed00000]
Native frames: (J=compiled Java code, j=interpreted, Vv=VM code, C=native code)
V  [jvm.dll+0x6bb95a]
V  [jvm.dll+0x8485fa]
V  [jvm.dll+0x84a1f5]
V  [jvm.dll+0x84a8f3]
V  [jvm.dll+0x280b0f]
V  [jvm.dll+0xc2b11]
V  [jvm.dll+0xc2e35]
V  [jvm.dll+0x21ab8d]
V  [jvm.dll+0x21b975]
V  [jvm.dll+0x21c361]
V  [jvm.dll+0x211780]
V  [jvm.dll+0x59c26c]
V  [jvm.dll+0x222d6a]
V  [jvm.dll+0x7c2cb4]
V  [jvm.dll+0x7c3dff]
V  [jvm.dll+0x7c43af]
V  [jvm.dll+0x7c4058]
V  [jvm.dll+0x27024b]
V  [jvm.dll+0x3d8ad6]
C  0x000001b21095f97c

Java frames: (J=compiled Java code, j=interpreted, Vv=VM code)
j  jdk.internal.module.SystemModules$all.moduleTargets()[Ljdk/internal/module/ModuleTarget;+2 java.base
j  jdk.internal.module.SystemModuleFinders.of(Ljdk/internal/module/SystemModules;)Ljava/lang/module/ModuleFinder;+8 java.base
j  jdk.internal.module.ModuleBootstrap.boot2()Ljava/lang/ModuleLayer;+240 java.base
j  jdk.internal.module.ModuleBootstrap.boot()Ljava/lang/ModuleLayer;+64 java.base
j  java.lang.System.initPhase2(ZZ)I+0 java.base
v  ~StubRoutines::call_stub 0x000001b21093100d

---------------  P R O C E S S  ---------------

Threads class SMR info:
_java_thread_list=0x000001b2204027c0, length=9, elements={
0x000001b27fadbf50, 0x000001b21c21dce0, 0x000001b21c21e820, 0x000001b220421360,
0x000001b22040a710, 0x000001b22040b050, 0x000001b22040b990, 0x000001b22040fc30,
0x000001b22042bf20
}

Java Threads: ( => current thread )
=>0x000001b27fadbf50 JavaThread "main" [_thread_in_vm, id=8032, stack(0x000000779ec00000,0x000000779ed00000)]
  0x000001b21c21dce0 JavaThread "Reference Handler" daemon [_thread_blocked, id=3404, stack(0x000000779f300000,0x000000779f400000)]
  0x000001b21c21e820 JavaThread "Finalizer" daemon [_thread_blocked, id=1244, stack(0x000000779f400000,0x000000779f500000)]
  0x000001b220421360 JavaThread "Signal Dispatcher" daemon [_thread_blocked, id=10464, stack(0x000000779f500000,0x000000779f600000)]
  0x000001b22040a710 JavaThread "Attach Listener" daemon [_thread_blocked, id=12448, stack(0x000000779f600000,0x000000779f700000)]
  0x000001b22040b050 JavaThread "Service Thread" daemon [_thread_blocked, id=1648, stack(0x000000779f700000,0x000000779f800000)]
  0x000001b22040b990 JavaThread "Monitor Deflation Thread" daemon [_thread_blocked, id=12788, stack(0x000000779f800000,0x000000779f900000)]
  0x000001b22040fc30 JavaThread "C2 CompilerThread0" daemon [_thread_blocked, id=13068, stack(0x000000779f900000,0x000000779fa00000)]
  0x000001b22042bf20 JavaThread "C1 CompilerThread0" daemon [_thread_blocked, id=12524, stack(0x000000779fa00000,0x000000779fb00000)]

Other Threads:
  0x000001b21c1be2e0 VMThread "VM Thread" [stack: 0x000000779f200000,0x000000779f300000] [id=9952]
  0x000001b27fb1b9b0 WorkerThread "GC Thread#0" [stack: 0x000000779ed00000,0x000000779ee00000] [id=9888]
  0x000001b27fb42a40 ConcurrentGCThread "G1 Main Marker" [stack: 0x000000779ee00000,0x000000779ef00000] [id=5092]
  0x000001b27fb43c10 WorkerThread "G1 Conc#0" [stack: 0x000000779ef00000,0x000000779f000000] [id=8148]
  0x000001b27fb96560 ConcurrentGCThread "G1 Refine#0" [stack: 0x000000779f000000,0x000000779f100000] [id=1692]
  0x000001b27fb97eb0 ConcurrentGCThread "G1 Service" [stack: 0x000000779f100000,0x000000779f200000] [id=9776]

Threads with active compile tasks:

VM state: not at safepoint (normal execution)

VM Mutex/Monitor currently owned by a thread: None

Heap address: 0x00000000c1000000, size: 1008 MB, Compressed Oops mode: 32-bit

CDS archive(s) not mapped
Compressed class space mapped at: 0x0000000100000000-0x0000000140000000, reserved size: 1073741824
Narrow klass base: 0x0000000000000000, Narrow klass shift: 3, Narrow klass range: 0x140000000

GC Precious Log:
 CardTable entry size: 512
 Card Set container configuration: InlinePtr #cards 5 size 8 Array Of Cards #cards 12 size 40 Howl #buckets 4 coarsen threshold 1843 Howl Bitmap #cards 512 size 80 coarsen threshold 460 Card regions per heap region 1 cards per card region 2048
 CPUs: 4 total, 4 available
 Memory: 4026M
 Large Page Support: Disabled
 NUMA Support: Disabled
 Compressed Oops: Enabled (32-bit)
 Heap Region Size: 1M
 Heap Min Capacity: 8M
 Heap Initial Capacity: 64M
 Heap Max Capacity: 1008M
 Pre-touch: Disabled
 Parallel Workers: 4
 Concurrent Workers: 1
 Concurrent Refinement Workers: 4
 Periodic GC: Disabled

Heap:
 garbage-first heap   total 65536K, used 0K [0x00000000c1000000, 0x0000000100000000)
  region size 1024K, 1 young (1024K), 0 survivors (0K)
 Metaspace       used 3739K, committed 3776K, reserved 1114112K
  class space    used 283K, committed 320K, reserved 1048576K

Heap Regions: E=young(eden), S=young(survivor), O=old, HS=humongous(starts), HC=humongous(continues), CS=collection set, F=free, OA=open archive, CA=closed archive, TAMS=top-at-mark-start, PB=parsable bottom
|   0|0x00000000c1000000, 0x00000000c1000000, 0x00000000c1100000|  0%| F|  |TAMS 0x00000000c1000000| PB 0x00000000c1000000| Untracked 
|   1|0x00000000c1100000, 0x00000000c1100000, 0x00000000c1200000|  0%| F|  |TAMS 0x00000000c1100000| PB 0x00000000c1100000| Untracked 
|   2|0x00000000c1200000, 0x00000000c1200000, 0x00000000c1300000|  0%| F|  |TAMS 0x00000000c1200000| PB 0x00000000c1200000| Untracked 
|   3|0x00000000c1300000, 0x00000000c1300000, 0x00000000c1400000|  0%| F|  |TAMS 0x00000000c1300000| PB 0x00000000c1300000| Untracked 
|   4|0x00000000c1400000, 0x00000000c1400000, 0x00000000c1500000|  0%| F|  |TAMS 0x00000000c1400000| PB 0x00000000c1400000| Untracked 
|   5|0x00000000c1500000, 0x00000000c1500000, 0x00000000c1600000|  0%| F|  |TAMS 0x00000000c1500000| PB 0x00000000c1500000| Untracked 
|   6|0x00000000c1600000, 0x00000000c1600000, 0x00000000c1700000|  0%| F|  |TAMS 0x00000000c1600000| PB 0x00000000c1600000| Untracked 
|   7|0x00000000c1700000, 0x00000000c1700000, 0x00000000c1800000|  0%| F|  |TAMS 0x00000000c1700000| PB 0x00000000c1700000| Untracked 
|   8|0x00000000c1800000, 0x00000000c1800000, 0x00000000c1900000|  0%| F|  |TAMS 0x00000000c1800000| PB 0x00000000c1800000| Untracked 
|   9|0x00000000c1900000, 0x00000000c1900000, 0x00000000c1a00000|  0%| F|  |TAMS 0x00000000c1900000| PB 0x00000000c1900000| Untracked 
|  10|0x00000000c1a00000, 0x00000000c1a00000, 0x00000000c1b00000|  0%| F|  |TAMS 0x00000000c1a00000| PB 0x00000000c1a00000| Untracked 
|  11|0x00000000c1b00000, 0x00000000c1b00000, 0x00000000c1c00000|  0%| F|  |TAMS 0x00000000c1b00000| PB 0x00000000c1b00000| Untracked 
|  12|0x00000000c1c00000, 0x00000000c1c00000, 0x00000000c1d00000|  0%| F|  |TAMS 0x00000000c1c00000| PB 0x00000000c1c00000| Untracked 
|  13|0x00000000c1d00000, 0x00000000c1d00000, 0x00000000c1e00000|  0%| F|  |TAMS 0x00000000c1d00000| PB 0x00000000c1d00000| Untracked 
|  14|0x00000000c1e00000, 0x00000000c1e00000, 0x00000000c1f00000|  0%| F|  |TAMS 0x00000000c1e00000| PB 0x00000000c1e00000| Untracked 
|  15|0x00000000c1f00000, 0x00000000c1f00000, 0x00000000c2000000|  0%| F|  |TAMS 0x00000000c1f00000| PB 0x00000000c1f00000| Untracked 
|  16|0x00000000c2000000, 0x00000000c2000000, 0x00000000c2100000|  0%| F|  |TAMS 0x00000000c2000000| PB 0x00000000c2000000| Untracked 
|  17|0x00000000c2100000, 0x00000000c2100000, 0x00000000c2200000|  0%| F|  |TAMS 0x00000000c2100000| PB 0x00000000c2100000| Untracked 
|  18|0x00000000c2200000, 0x00000000c2200000, 0x00000000c2300000|  0%| F|  |TAMS 0x00000000c2200000| PB 0x00000000c2200000| Untracked 
|  19|0x00000000c2300000, 0x00000000c2300000, 0x00000000c2400000|  0%| F|  |TAMS 0x00000000c2300000| PB 0x00000000c2300000| Untracked 
|  20|0x00000000c2400000, 0x00000000c2400000, 0x00000000c2500000|  0%| F|  |TAMS 0x00000000c2400000| PB 0x00000000c2400000| Untracked 
|  21|0x00000000c2500000, 0x00000000c2500000, 0x00000000c2600000|  0%| F|  |TAMS 0x00000000c2500000| PB 0x00000000c2500000| Untracked 
|  22|0x00000000c2600000, 0x00000000c2600000, 0x00000000c2700000|  0%| F|  |TAMS 0x00000000c2600000| PB 0x00000000c2600000| Untracked 
|  23|0x00000000c2700000, 0x00000000c2700000, 0x00000000c2800000|  0%| F|  |TAMS 0x00000000c2700000| PB 0x00000000c2700000| Untracked 
|  24|0x00000000c2800000, 0x00000000c2800000, 0x00000000c2900000|  0%| F|  |TAMS 0x00000000c2800000| PB 0x00000000c2800000| Untracked 
|  25|0x00000000c2900000, 0x00000000c2900000, 0x00000000c2a00000|  0%| F|  |TAMS 0x00000000c2900000| PB 0x00000000c2900000| Untracked 
|  26|0x00000000c2a00000, 0x00000000c2a00000, 0x00000000c2b00000|  0%| F|  |TAMS 0x00000000c2a00000| PB 0x00000000c2a00000| Untracked 
|  27|0x00000000c2b00000, 0x00000000c2b00000, 0x00000000c2c00000|  0%| F|  |TAMS 0x00000000c2b00000| PB 0x00000000c2b00000| Untracked 
|  28|0x00000000c2c00000, 0x00000000c2c00000, 0x00000000c2d00000|  0%| F|  |TAMS 0x00000000c2c00000| PB 0x00000000c2c00000| Untracked 
|  29|0x00000000c2d00000, 0x00000000c2d00000, 0x00000000c2e00000|  0%| F|  |TAMS 0x00000000c2d00000| PB 0x00000000c2d00000| Untracked 
|  30|0x00000000c2e00000, 0x00000000c2e00000, 0x00000000c2f00000|  0%| F|  |TAMS 0x00000000c2e00000| PB 0x00000000c2e00000| Untracked 
|  31|0x00000000c2f00000, 0x00000000c2f00000, 0x00000000c3000000|  0%| F|  |TAMS 0x00000000c2f00000| PB 0x00000000c2f00000| Untracked 
|  32|0x00000000c3000000, 0x00000000c3000000, 0x00000000c3100000|  0%| F|  |TAMS 0x00000000c3000000| PB 0x00000000c3000000| Untracked 
|  33|0x00000000c3100000, 0x00000000c3100000, 0x00000000c3200000|  0%| F|  |TAMS 0x00000000c3100000| PB 0x00000000c3100000| Untracked 
|  34|0x00000000c3200000, 0x00000000c3200000, 0x00000000c3300000|  0%| F|  |TAMS 0x00000000c3200000| PB 0x00000000c3200000| Untracked 
|  35|0x00000000c3300000, 0x00000000c3300000, 0x00000000c3400000|  0%| F|  |TAMS 0x00000000c3300000| PB 0x00000000c3300000| Untracked 
|  36|0x00000000c3400000, 0x00000000c3400000, 0x00000000c3500000|  0%| F|  |TAMS 0x00000000c3400000| PB 0x00000000c3400000| Untracked 
|  37|0x00000000c3500000, 0x00000000c3500000, 0x00000000c3600000|  0%| F|  |TAMS 0x00000000c3500000| PB 0x00000000c3500000| Untracked 
|  38|0x00000000c3600000, 0x00000000c3600000, 0x00000000c3700000|  0%| F|  |TAMS 0x00000000c3600000| PB 0x00000000c3600000| Untracked 
|  39|0x00000000c3700000, 0x00000000c3700000, 0x00000000c3800000|  0%| F|  |TAMS 0x00000000c3700000| PB 0x00000000c3700000| Untracked 
|  40|0x00000000c3800000, 0x00000000c3800000, 0x00000000c3900000|  0%| F|  |TAMS 0x00000000c3800000| PB 0x00000000c3800000| Untracked 
|  41|0x00000000c3900000, 0x00000000c3900000, 0x00000000c3a00000|  0%| F|  |TAMS 0x00000000c3900000| PB 0x00000000c3900000| Untracked 
|  42|0x00000000c3a00000, 0x00000000c3a00000, 0x00000000c3b00000|  0%| F|  |TAMS 0x00000000c3a00000| PB 0x00000000c3a00000| Untracked 
|  43|0x00000000c3b00000, 0x00000000c3b00000, 0x00000000c3c00000|  0%| F|  |TAMS 0x00000000c3b00000| PB 0x00000000c3b00000| Untracked 
|  44|0x00000000c3c00000, 0x00000000c3c00000, 0x00000000c3d00000|  0%| F|  |TAMS 0x00000000c3c00000| PB 0x00000000c3c00000| Untracked 
|  45|0x00000000c3d00000, 0x00000000c3d00000, 0x00000000c3e00000|  0%| F|  |TAMS 0x00000000c3d00000| PB 0x00000000c3d00000| Untracked 
|  46|0x00000000c3e00000, 0x00000000c3e00000, 0x00000000c3f00000|  0%| F|  |TAMS 0x00000000c3e00000| PB 0x00000000c3e00000| Untracked 
|  47|0x00000000c3f00000, 0x00000000c3f00000, 0x00000000c4000000|  0%| F|  |TAMS 0x00000000c3f00000| PB 0x00000000c3f00000| Untracked 
|  48|0x00000000c4000000, 0x00000000c4000000, 0x00000000c4100000|  0%| F|  |TAMS 0x00000000c4000000| PB 0x00000000c4000000| Untracked 
|  49|0x00000000c4100000, 0x00000000c4100000, 0x00000000c4200000|  0%| F|  |TAMS 0x00000000c4100000| PB 0x00000000c4100000| Untracked 
|  50|0x00000000c4200000, 0x00000000c4200000, 0x00000000c4300000|  0%| F|  |TAMS 0x00000000c4200000| PB 0x00000000c4200000| Untracked 
|  51|0x00000000c4300000, 0x00000000c4300000, 0x00000000c4400000|  0%| F|  |TAMS 0x00000000c4300000| PB 0x00000000c4300000| Untracked 
|  52|0x00000000c4400000, 0x00000000c4400000, 0x00000000c4500000|  0%| F|  |TAMS 0x00000000c4400000| PB 0x00000000c4400000| Untracked 
|  53|0x00000000c4500000, 0x00000000c4500000, 0x00000000c4600000|  0%| F|  |TAMS 0x00000000c4500000| PB 0x00000000c4500000| Untracked 
|  54|0x00000000c4600000, 0x00000000c4600000, 0x00000000c4700000|  0%| F|  |TAMS 0x00000000c4600000| PB 0x00000000c4600000| Untracked 
|  55|0x00000000c4700000, 0x00000000c4700000, 0x00000000c4800000|  0%| F|  |TAMS 0x00000000c4700000| PB 0x00000000c4700000| Untracked 
|  56|0x00000000c4800000, 0x00000000c4800000, 0x00000000c4900000|  0%| F|  |TAMS 0x00000000c4800000| PB 0x00000000c4800000| Untracked 
|  57|0x00000000c4900000, 0x00000000c4900000, 0x00000000c4a00000|  0%| F|  |TAMS 0x00000000c4900000| PB 0x00000000c4900000| Untracked 
|  58|0x00000000c4a00000, 0x00000000c4a00000, 0x00000000c4b00000|  0%| F|  |TAMS 0x00000000c4a00000| PB 0x00000000c4a00000| Untracked 
|  59|0x00000000c4b00000, 0x00000000c4b00000, 0x00000000c4c00000|  0%| F|  |TAMS 0x00000000c4b00000| PB 0x00000000c4b00000| Untracked 
|  60|0x00000000c4c00000, 0x00000000c4c00000, 0x00000000c4d00000|  0%| F|  |TAMS 0x00000000c4c00000| PB 0x00000000c4c00000| Untracked 
|  61|0x00000000c4d00000, 0x00000000c4d00000, 0x00000000c4e00000|  0%| F|  |TAMS 0x00000000c4d00000| PB 0x00000000c4d00000| Untracked 
|  62|0x00000000c4e00000, 0x00000000c4e00000, 0x00000000c4f00000|  0%| F|  |TAMS 0x00000000c4e00000| PB 0x00000000c4e00000| Untracked 
|  63|0x00000000c4f00000, 0x00000000c5000000, 0x00000000c5000000|100%| E|  |TAMS 0x00000000c4f00000| PB 0x00000000c4f00000| Complete 

Card table byte_map: [0x000001b218820000,0x000001b218a20000] _byte_map_base: 0x000001b218218000

Marking Bits: (CMBitMap*) 0x000001b27fb1bfe0
 Bits: [0x000001b218c20000, 0x000001b219be0000)

Polling page: 0x000001b27fba0000

Metaspace:

Usage:
  Non-class:      3.37 MB used.
      Class:    283.28 KB used.
       Both:      3.65 MB used.

Virtual space:
  Non-class space:       64.00 MB reserved,       3.38 MB (  5%) committed,  1 nodes.
      Class space:        1.00 GB reserved,     320.00 KB ( <1%) committed,  1 nodes.
             Both:        1.06 GB reserved,       3.69 MB ( <1%) committed. 

Chunk freelists:
   Non-Class:  0 bytes
       Class:  3.62 MB
        Both:  3.62 MB

MaxMetaspaceSize: unlimited
CompressedClassSpaceSize: 1.00 GB
Initial GC threshold: 21.00 MB
Current GC threshold: 21.00 MB
CDS: off
MetaspaceReclaimPolicy: balanced
 - commit_granule_bytes: 65536.
 - commit_granule_words: 8192.
 - virtual_space_node_default_size: 8388608.
 - enlarge_chunks_in_place: 1.
 - new_chunks_are_fully_committed: 0.
 - uncommit_free_chunks: 1.
 - use_allocation_guard: 0.


Internal statistics:

num_allocs_failed_limit: 0.
num_arena_births: 2.
num_arena_deaths: 0.
num_vsnodes_births: 2.
num_vsnodes_deaths: 0.
num_space_committed: 59.
num_space_uncommitted: 0.
num_chunks_returned_to_freelist: 0.
num_chunks_taken_from_freelist: 4.
num_chunk_merges: 0.
num_chunk_splits: 1.
num_chunks_enlarged: 0.
num_inconsistent_stats: 0.

CodeHeap 'non-profiled nmethods': size=120000Kb used=1Kb max_used=1Kb free=119998Kb
 bounds [0x000001b210ed0000, 0x000001b211140000, 0x000001b218400000]
CodeHeap 'profiled nmethods': size=120000Kb used=35Kb max_used=35Kb free=119964Kb
 bounds [0x000001b209400000, 0x000001b209670000, 0x000001b210930000]
CodeHeap 'non-nmethods': size=5760Kb used=1212Kb max_used=1225Kb free=4548Kb
 bounds [0x000001b210930000, 0x000001b210ba0000, 0x000001b210ed0000]
 total_blobs=314 nmethods=28 adapters=197
 compilation: enabled
              stopped_count=0, restarted_count=0
 full_count=0

Compilation events (20 events):
Event: 0.245 Thread 0x000001b22042bf20   18       3       java.lang.StringLatin1::equals (36 bytes)
Event: 0.246 Thread 0x000001b22042bf20 nmethod 18 0x000001b209405990 code [0x000001b209405b40, 0x000001b209405de8]
Event: 0.246 Thread 0x000001b22042bf20   19       3       java.util.Objects::equals (23 bytes)
Event: 0.246 Thread 0x000001b22040fc30   20       4       java.lang.Object::<init> (1 bytes)
Event: 0.246 Thread 0x000001b22042bf20 nmethod 19 0x000001b209405f10 code [0x000001b2094060a0, 0x000001b209406310]
Event: 0.246 Thread 0x000001b22042bf20   21       3       java.util.Objects::requireNonNull (14 bytes)
Event: 0.246 Thread 0x000001b22042bf20 nmethod 21 0x000001b209406410 code [0x000001b2094065a0, 0x000001b209406788]
Event: 0.246 Thread 0x000001b22042bf20   24       3       java.lang.module.ModuleDescriptor::modsHashCode (43 bytes)
Event: 0.247 Thread 0x000001b22040fc30 nmethod 20 0x000001b210ed0010 code [0x000001b210ed0180, 0x000001b210ed0208]
Event: 0.247 Thread 0x000001b22040fc30   22       4       java.lang.StringLatin1::hashCode (42 bytes)
Event: 0.247 Thread 0x000001b22042bf20 nmethod 24 0x000001b209406890 code [0x000001b209406a60, 0x000001b209406f78]
Event: 0.247 Thread 0x000001b22042bf20   23       3       java.util.Set::of (4 bytes)
Event: 0.247 Thread 0x000001b22042bf20 nmethod 23 0x000001b209407190 code [0x000001b209407320, 0x000001b209407418]
Event: 0.247 Thread 0x000001b22042bf20   25       3       java.util.AbstractCollection::<init> (5 bytes)
Event: 0.247 Thread 0x000001b22042bf20 nmethod 25 0x000001b209407490 code [0x000001b209407620, 0x000001b209407788]
Event: 0.247 Thread 0x000001b22042bf20   26       3       java.util.ImmutableCollections$AbstractImmutableCollection::<init> (5 bytes)
Event: 0.247 Thread 0x000001b22042bf20 nmethod 26 0x000001b209407890 code [0x000001b209407a20, 0x000001b209407be8]
Event: 0.247 Thread 0x000001b22042bf20   27       3       java.util.ImmutableCollections$AbstractImmutableSet::<init> (5 bytes)
Event: 0.248 Thread 0x000001b22042bf20 nmethod 27 0x000001b209407d10 code [0x000001b209407ea0, 0x000001b2094080c8]
Event: 0.248 Thread 0x000001b22042bf20   28       3       java.util.Set::of (68 bytes)

GC Heap History (0 events):
No events

Dll operation events (2 events):
Event: 0.017 Loaded shared library C:\Users\RAFI\.jdks\openjdk-20.0.1\bin\java.dll
Event: 0.111 Loaded shared library C:\Users\RAFI\.jdks\openjdk-20.0.1\bin\jsvml.dll

Deoptimization events (0 events):
No events

Classes loaded (20 events):
Event: 0.244 Loading class java/lang/reflect/AccessFlag$11 done
Event: 0.244 Loading class java/lang/reflect/AccessFlag$12
Event: 0.244 Loading class java/lang/reflect/AccessFlag$12 done
Event: 0.244 Loading class java/lang/reflect/AccessFlag$13
Event: 0.244 Loading class java/lang/reflect/AccessFlag$13 done
Event: 0.244 Loading class java/lang/reflect/AccessFlag$14
Event: 0.244 Loading class java/lang/reflect/AccessFlag$14 done
Event: 0.244 Loading class java/lang/reflect/AccessFlag$15
Event: 0.244 Loading class java/lang/reflect/AccessFlag$15 done
Event: 0.244 Loading class java/lang/reflect/AccessFlag$16
Event: 0.244 Loading class java/lang/reflect/AccessFlag$16 done
Event: 0.244 Loading class java/lang/reflect/AccessFlag$17
Event: 0.244 Loading class java/lang/reflect/AccessFlag$17 done
Event: 0.244 Loading class java/lang/reflect/AccessFlag$18
Event: 0.244 Loading class java/lang/reflect/AccessFlag$18 done
Event: 0.245 Loading class java/lang/module/ModuleDescriptor$Requires$Modifier
Event: 0.245 Loading class java/lang/module/ModuleDescriptor$Requires$Modifier done
Event: 0.245 Loading class java/util/ImmutableCollections$Set12$1
Event: 0.245 Loading class java/util/ImmutableCollections$Set12$1 done
Event: 0.248 Loading class jdk/internal/module/ModuleTarget

Classes unloaded (0 events):
No events

Classes redefined (0 events):
No events

Internal exceptions (0 events):
No events

VM Operations (0 events):
No events

Events (9 events):
Event: 0.111 Thread 0x000001b27fadbf50 Thread added: 0x000001b27fadbf50
Event: 0.192 Thread 0x000001b21c21dce0 Thread added: 0x000001b21c21dce0
Event: 0.192 Thread 0x000001b21c21e820 Thread added: 0x000001b21c21e820
Event: 0.196 Thread 0x000001b220421360 Thread added: 0x000001b220421360
Event: 0.196 Thread 0x000001b22040a710 Thread added: 0x000001b22040a710
Event: 0.196 Thread 0x000001b22040b050 Thread added: 0x000001b22040b050
Event: 0.196 Thread 0x000001b22040b990 Thread added: 0x000001b22040b990
Event: 0.196 Thread 0x000001b22040fc30 Thread added: 0x000001b22040fc30
Event: 0.197 Thread 0x000001b22042bf20 Thread added: 0x000001b22042bf20


Dynamic libraries:
0x00007ff72ff60000 - 0x00007ff72ff6e000 	C:\Users\RAFI\.jdks\openjdk-20.0.1\bin\java.exe
0x00007ff9ca610000 - 0x00007ff9ca824000 	C:\Windows\SYSTEM32\ntdll.dll
0x00007ff9c9e40000 - 0x00007ff9c9f02000 	C:\Windows\System32\KERNEL32.DLL
0x00007ff9c7cc0000 - 0x00007ff9c8063000 	C:\Windows\System32\KERNELBASE.dll
0x00007ff9c8070000 - 0x00007ff9c8181000 	C:\Windows\System32\ucrtbase.dll
0x00007ff9af190000 - 0x00007ff9af1ab000 	C:\Users\RAFI\.jdks\openjdk-20.0.1\bin\VCRUNTIME140.dll
0x00007ff9af220000 - 0x00007ff9af237000 	C:\Users\RAFI\.jdks\openjdk-20.0.1\bin\jli.dll
0x00007ff9c9b70000 - 0x00007ff9c9d1b000 	C:\Windows\System32\USER32.dll
0x00007ff9c8300000 - 0x00007ff9c8326000 	C:\Windows\System32\win32u.dll
0x00007ff9ca2d0000 - 0x00007ff9ca2f9000 	C:\Windows\System32\GDI32.dll
0x00007ff9be3c0000 - 0x00007ff9be64e000 	C:\Windows\WinSxS\amd64_microsoft.windows.common-controls_6595b64144ccf1df_6.0.22621.1635_none_270f70857386168e\COMCTL32.dll
0x00007ff9ca170000 - 0x00007ff9ca217000 	C:\Windows\System32\msvcrt.dll
0x00007ff9c7a90000 - 0x00007ff9c7ba9000 	C:\Windows\System32\gdi32full.dll
0x00007ff9c7bb0000 - 0x00007ff9c7c4a000 	C:\Windows\System32\msvcp_win.dll
0x00007ff9c8c10000 - 0x00007ff9c8c41000 	C:\Windows\System32\IMM32.DLL
0x00007ff9be9f0000 - 0x00007ff9be9fc000 	C:\Users\RAFI\.jdks\openjdk-20.0.1\bin\vcruntime140_1.dll
0x00007ff9a2c20000 - 0x00007ff9a2cae000 	C:\Users\RAFI\.jdks\openjdk-20.0.1\bin\msvcp140.dll
0x00007ff98b8c0000 - 0x00007ff98c557000 	C:\Users\RAFI\.jdks\openjdk-20.0.1\bin\server\jvm.dll
0x00007ff9ca460000 - 0x00007ff9ca50e000 	C:\Windows\System32\ADVAPI32.dll
0x00007ff9c9510000 - 0x00007ff9c95b4000 	C:\Windows\System32\sechost.dll
0x00007ff9c9d20000 - 0x00007ff9c9e37000 	C:\Windows\System32\RPCRT4.dll
0x00007ff9c1740000 - 0x00007ff9c1774000 	C:\Windows\SYSTEM32\WINMM.dll
0x00007ff9bfe30000 - 0x00007ff9bfe3a000 	C:\Windows\SYSTEM32\VERSION.dll
0x00007ff9b59b0000 - 0x00007ff9b59b9000 	C:\Windows\SYSTEM32\WSOCK32.dll
0x00007ff9ca300000 - 0x00007ff9ca371000 	C:\Windows\System32\WS2_32.dll
0x00007ff9c6b10000 - 0x00007ff9c6b28000 	C:\Windows\SYSTEM32\kernel.appcore.dll
0x00007ff9b5320000 - 0x00007ff9b532a000 	C:\Users\RAFI\.jdks\openjdk-20.0.1\bin\jimage.dll
0x00007ff9b4830000 - 0x00007ff9b4a5e000 	C:\Windows\SYSTEM32\DBGHELP.DLL
0x00007ff9c8df0000 - 0x00007ff9c9179000 	C:\Windows\System32\combase.dll
0x00007ff9c9f10000 - 0x00007ff9c9fe7000 	C:\Windows\System32\OLEAUT32.dll
0x00007ff9b42c0000 - 0x00007ff9b42f2000 	C:\Windows\SYSTEM32\dbgcore.DLL
0x00007ff9c7a10000 - 0x00007ff9c7a8b000 	C:\Windows\System32\bcryptPrimitives.dll
0x00007ff9c1780000 - 0x00007ff9c178e000 	C:\Users\RAFI\.jdks\openjdk-20.0.1\bin\instrument.dll
0x00007ff9a2500000 - 0x00007ff9a2526000 	C:\Users\RAFI\.jdks\openjdk-20.0.1\bin\java.dll
0x00007ff9a2a60000 - 0x00007ff9a2b37000 	C:\Users\RAFI\.jdks\openjdk-20.0.1\bin\jsvml.dll
0x00007ff9c83f0000 - 0x00007ff9c8bea000 	C:\Windows\System32\SHELL32.dll
0x00007ff9c59d0000 - 0x00007ff9c629e000 	C:\Windows\SYSTEM32\windows.storage.dll
0x00007ff9c5890000 - 0x00007ff9c59ce000 	C:\Windows\SYSTEM32\wintypes.dll
0x00007ff9c8ce0000 - 0x00007ff9c8dd1000 	C:\Windows\System32\SHCORE.dll
0x00007ff9ca270000 - 0x00007ff9ca2ce000 	C:\Windows\System32\shlwapi.dll
0x00007ff9c7940000 - 0x00007ff9c7961000 	C:\Windows\SYSTEM32\profapi.dll

dbghelp: loaded successfully - version: 4.0.5 - missing functions: none
symbol engine: initialized successfully - sym options: 0x614 - pdb path: .;C:\Users\RAFI\.jdks\openjdk-20.0.1\bin;C:\Windows\SYSTEM32;C:\Windows\WinSxS\amd64_microsoft.windows.common-controls_6595b64144ccf1df_6.0.22621.1635_none_270f70857386168e;C:\Users\RAFI\.jdks\openjdk-20.0.1\bin\server

VM Arguments:
jvm_args: -javaagent:C:\Program Files\JetBrains\IntelliJ IDEA 2023.1.2\lib\idea_rt.jar=55601:C:\Program Files\JetBrains\IntelliJ IDEA 2023.1.2\bin -Dfile.encoding=UTF-8 -Dsun.stdout.encoding=UTF-8 -Dsun.stderr.encoding=UTF-8 --module-path=C:\Users\RAFI\.m2\repository\mysql\mysql-connector-java\8.0.26\mysql-connector-java-8.0.26.jar;C:\Users\RAFI\.m2\repository\org\openjfx\javafx-base\20\javafx-base-20-win.jar;C:\Users\RAFI\.m2\repository\org\openjfx\javafx-fxml\20\javafx-fxml-20-win.jar;C:\Users\RAFI\.m2\repository\org\openjfx\javafx-controls\20\javafx-controls-20-win.jar;C:\Users\RAFI\IdeaProjects\consultationSheetApp\target\classes;C:\Users\RAFI\.m2\repository\org\openjfx\javafx-graphics\20\javafx-graphics-20-win.jar -Djdk.module.main=emr.consultationsheetapp 
java_command: emr.consultationsheetapp/emr.consultationsheetapp.App
java_class_path (initial): C:\Users\RAFI\.m2\repository\org\openjfx\javafx-controls\20\javafx-controls-20.jar;C:\Users\RAFI\.m2\repository\org\openjfx\javafx-graphics\20\javafx-graphics-20.jar;C:\Users\RAFI\.m2\repository\org\openjfx\javafx-base\20\javafx-base-20.jar;C:\Users\RAFI\.m2\repository\org\openjfx\javafx-fxml\20\javafx-fxml-20.jar;C:\Users\RAFI\.m2\repository\com\google\protobuf\protobuf-java\3.11.4\protobuf-java-3.11.4.jar
Launcher Type: SUN_STANDARD

[Global flags]
     intx CICompilerCount                          = 3                                         {product} {ergonomic}
     uint ConcGCThreads                            = 1                                         {product} {ergonomic}
     uint G1ConcRefinementThreads                  = 4                                         {product} {ergonomic}
   size_t G1HeapRegionSize                         = 1048576                                   {product} {ergonomic}
    uintx GCDrainStackTargetSize                   = 64                                        {product} {ergonomic}
   size_t InitialHeapSize                          = 67108864                                  {product} {ergonomic}
   size_t MarkStackSize                            = 4194304                                   {product} {ergonomic}
   size_t MaxHeapSize                              = 1056964608                                {product} {ergonomic}
   size_t MaxNewSize                               = 633339904                                 {product} {ergonomic}
   size_t MinHeapDeltaBytes                        = 1048576                                   {product} {ergonomic}
   size_t MinHeapSize                              = 8388608                                   {product} {ergonomic}
    uintx NonNMethodCodeHeapSize                   = 5832780                                {pd product} {ergonomic}
    uintx NonProfiledCodeHeapSize                  = 122912730                              {pd product} {ergonomic}
    uintx ProfiledCodeHeapSize                     = 122912730                              {pd product} {ergonomic}
    uintx ReservedCodeCacheSize                    = 251658240                              {pd product} {ergonomic}
     bool SegmentedCodeCache                       = true                                      {product} {ergonomic}
   size_t SoftMaxHeapSize                          = 1056964608                             {manageable} {ergonomic}
     bool UseCompressedClassPointers               = true                           {product lp64_product} {ergonomic}
     bool UseCompressedOops                        = true                           {product lp64_product} {ergonomic}
     bool UseG1GC                                  = true                                      {product} {ergonomic}
     bool UseLargePagesIndividualAllocation        = false                                  {pd product} {ergonomic}

Logging:
Log output configuration:
 #0: stdout all=warning uptime,level,tags foldmultilines=false
 #1: stderr all=off uptime,level,tags foldmultilines=false

Environment Variables:
PATH=C:\Python311\Scripts\;C:\Python311\;C:\Program Files (x86)\Common Files\Oracle\Java\javapath;C:\Windows\system32;C:\Windows;C:\Windows\System32\Wbem;C:\Windows\System32\WindowsPowerShell\v1.0\;C:\Windows\System32\OpenSSH\;C:\ProgramData\chocolatey\bin;C:\Program Files\nodejs\;C:\Program Files\NVIDIA Corporation\NVIDIA NvDLISR;C:\Program Files\Git\cmd;C:\Program Files\PostgreSQL\15\bin;C:\Program Files\MySQL\MySQL Shell 8.0\bin\;C:\Users\RAFI\AppData\Local\Microsoft\WindowsApps;C:\Users\RAFI\AppData\Local\Programs\Microsoft VS Code\bin;C:\Program Files\JetBrains\IntelliJ IDEA 2022.3.2\bin;;C:\Users\RAFI\AppData\Roaming\npm;C:\Program Files\JetBrains\IntelliJ IDEA Community Edition 2023.1.1\bin;
USERNAME=RAFI
OS=Windows_NT
PROCESSOR_IDENTIFIER=Intel64 Family 6 Model 69 Stepping 1, GenuineIntel
TMP=C:\Users\RAFI\AppData\Local\Temp
TEMP=C:\Users\RAFI\AppData\Local\Temp




---------------  S Y S T E M  ---------------

OS:
 Windows 11 , 64 bit Build 22621 (10.0.22621.1778)
OS uptime: 0 days 11:51 hours
Hyper-V role detected

CPU: total 4 (initial active 4) (2 cores per cpu, 2 threads per core) family 6 model 69 stepping 1 microcode 0x26, cx8, cmov, fxsr, ht, mmx, sse, sse2, sse3, ssse3, sse4.1, sse4.2, popcnt, lzcnt, tsc, tscinvbit, avx, avx2, aes, erms, clmul, bmi1, bmi2, fma, vzeroupper, clflush, hv, rdtscp, f16c

Memory: 4k page, system-wide physical 4026M (201M free)
TotalPageFile size 16314M (AvailPageFile size 4M)
current process WorkingSet (physical memory assigned to process): 25M, peak: 25M
current process commit charge ("private bytes"): 125M, peak: 130M

vm_info: OpenJDK 64-Bit Server VM (20.0.1+9-29) for windows-amd64 JRE (20.0.1+9-29), built on 2023-03-07T13:56:11Z by "mach5one" with MS VC++ 17.1 (VS2022)

END.
